2023-03-05 09:35:52,675 WARN com.zaxxer.hikari.pool.HikariPool$HouseKeeper [HikariPool-1 housekeeper] HikariPool-1 - Thread starvation or clock leap detected (housekeeper delta=8h48m3s839ms908µs600ns).
2023-03-05 09:36:50,142 INFO searchengine.services.impl.SearchServiceImpl [http-nio-8080-exec-6] Searching for "Программы" in - http://radiomv.ru
2023-03-05 09:36:50,289 INFO searchengine.services.impl.SearchServiceImpl [http-nio-8080-exec-6] Search done. Got results.
2023-03-05 09:37:20,093 INFO org.springframework.orm.jpa.AbstractEntityManagerFactoryBean [SpringApplicationShutdownHook] Closing JPA EntityManagerFactory for persistence unit 'default'
2023-03-05 09:37:20,101 INFO com.zaxxer.hikari.HikariDataSource [SpringApplicationShutdownHook] HikariPool-1 - Shutdown initiated...
2023-03-05 09:37:20,123 INFO com.zaxxer.hikari.HikariDataSource [SpringApplicationShutdownHook] HikariPool-1 - Shutdown completed.
2023-03-05 10:16:21,788 INFO org.springframework.boot.StartupInfoLogger [main] Starting Application using Java 19.0.1 on DESKTOP-NGJ1FEF with PID 9544 (C:\IdeaProjects\SearchEngine_16\target\classes started by Vladimir in C:\IdeaProjects\SearchEngine_16)
2023-03-05 10:16:21,803 INFO org.springframework.boot.SpringApplication [main] No active profile set, falling back to 1 default profile: "default"
2023-03-05 10:16:27,291 INFO org.springframework.data.repository.config.RepositoryConfigurationDelegate [main] Bootstrapping Spring Data JPA repositories in DEFAULT mode.
2023-03-05 10:16:27,668 INFO org.springframework.data.repository.config.RepositoryConfigurationDelegate [main] Finished Spring Data repository scanning in 341 ms. Found 4 JPA repository interfaces.
2023-03-05 10:16:31,546 INFO org.springframework.boot.web.embedded.tomcat.TomcatWebServer [main] Tomcat initialized with port(s): 8080 (http)
2023-03-05 10:16:31,599 INFO org.apache.juli.logging.DirectJDKLog [main] Initializing ProtocolHandler ["http-nio-8080"]
2023-03-05 10:16:31,606 INFO org.apache.juli.logging.DirectJDKLog [main] Starting service [Tomcat]
2023-03-05 10:16:31,608 INFO org.apache.juli.logging.DirectJDKLog [main] Starting Servlet engine: [Apache Tomcat/9.0.65]
2023-03-05 10:16:32,436 INFO org.apache.juli.logging.DirectJDKLog [main] Initializing Spring embedded WebApplicationContext
2023-03-05 10:16:32,510 INFO org.springframework.boot.web.servlet.context.ServletWebServerApplicationContext [main] Root WebApplicationContext: initialization completed in 10143 ms
2023-03-05 10:16:34,090 INFO org.hibernate.jpa.internal.util.LogHelper [main] HHH000204: Processing PersistenceUnitInfo [name: default]
2023-03-05 10:16:34,665 INFO org.hibernate.Version [main] HHH000412: Hibernate ORM core version 5.6.11.Final
2023-03-05 10:16:35,633 INFO org.hibernate.annotations.common.reflection.java.JavaReflectionManager [main] HCANN000001: Hibernate Commons Annotations {5.1.2.Final}
2023-03-05 10:16:36,216 INFO com.zaxxer.hikari.HikariDataSource [main] HikariPool-1 - Starting...
2023-03-05 10:16:37,015 INFO com.zaxxer.hikari.HikariDataSource [main] HikariPool-1 - Start completed.
2023-03-05 10:16:37,084 INFO org.hibernate.dialect.Dialect [main] HHH000400: Using dialect: org.hibernate.dialect.MySQL8Dialect
2023-03-05 10:16:41,856 INFO org.hibernate.engine.transaction.jta.platform.internal.JtaPlatformInitiator [main] HHH000490: Using JtaPlatform implementation: [org.hibernate.engine.transaction.jta.platform.internal.NoJtaPlatform]
2023-03-05 10:16:41,888 INFO org.springframework.orm.jpa.AbstractEntityManagerFactoryBean [main] Initialized JPA EntityManagerFactory for persistence unit 'default'
2023-03-05 10:16:46,924 INFO org.springframework.security.web.DefaultSecurityFilterChain [main] Will secure any request with [org.springframework.security.web.session.DisableEncodeUrlFilter@7df23848, org.springframework.security.web.context.request.async.WebAsyncManagerIntegrationFilter@1b120d48, org.springframework.security.web.context.SecurityContextPersistenceFilter@62525dd3, org.springframework.security.web.header.HeaderWriterFilter@5c20505f, org.springframework.security.web.authentication.logout.LogoutFilter@5a9ef32e, org.springframework.security.web.authentication.UsernamePasswordAuthenticationFilter@87f1201, org.springframework.security.web.authentication.ui.DefaultLoginPageGeneratingFilter@7d7f966f, org.springframework.security.web.authentication.ui.DefaultLogoutPageGeneratingFilter@236f3885, org.springframework.security.web.savedrequest.RequestCacheAwareFilter@7be6dabb, org.springframework.security.web.servletapi.SecurityContextHolderAwareRequestFilter@68fc636a, org.springframework.security.web.authentication.AnonymousAuthenticationFilter@14ee143a, org.springframework.security.web.session.SessionManagementFilter@2202c92f, org.springframework.security.web.access.ExceptionTranslationFilter@3163e03b, org.springframework.security.web.access.intercept.FilterSecurityInterceptor@22ea6051]
2023-03-05 10:16:48,370 INFO org.springframework.boot.autoconfigure.web.servlet.WelcomePageHandlerMapping [main] Adding welcome page template: index
2023-03-05 10:16:55,611 INFO org.apache.juli.logging.DirectJDKLog [main] Starting ProtocolHandler ["http-nio-8080"]
2023-03-05 10:16:55,714 INFO org.springframework.boot.web.embedded.tomcat.TomcatWebServer [main] Tomcat started on port(s): 8080 (http) with context path ''
2023-03-05 10:16:55,768 INFO org.springframework.boot.StartupInfoLogger [main] Started Application in 36.856 seconds (JVM running for 39.346)
2023-03-05 10:17:04,770 INFO org.apache.juli.logging.DirectJDKLog [http-nio-8080-exec-1] Initializing Spring DispatcherServlet 'dispatcherServlet'
2023-03-05 10:17:04,791 INFO org.springframework.web.servlet.FrameworkServlet [http-nio-8080-exec-1] Initializing Servlet 'dispatcherServlet'
2023-03-05 10:17:04,797 INFO org.springframework.web.servlet.FrameworkServlet [http-nio-8080-exec-1] Completed initialization in 5 ms
2023-03-05 10:17:29,717 INFO searchengine.services.impl.IndexingServiceImpl [http-nio-8080-exec-4] Parsing site: radiomv
2023-03-05 10:17:29,922 INFO searchengine.parsers.SiteIndexed [pool-1-thread-1] Indexing - http://radiomv.ru radiomv
2023-03-05 10:39:09,059 INFO searchengine.parsers.SiteIndexed [pool-1-thread-1] Done indexing - http://radiomv.ru
2023-03-05 10:41:38,836 INFO searchengine.services.impl.SearchServiceImpl [http-nio-8080-exec-10] Searching for "Программы" in - http://radiomv.ru
2023-03-05 10:41:38,936 INFO searchengine.services.impl.SearchServiceImpl [http-nio-8080-exec-10] Search done. Got results.
2023-03-05 10:41:53,147 INFO org.springframework.orm.jpa.AbstractEntityManagerFactoryBean [SpringApplicationShutdownHook] Closing JPA EntityManagerFactory for persistence unit 'default'
2023-03-05 10:41:53,155 INFO com.zaxxer.hikari.HikariDataSource [SpringApplicationShutdownHook] HikariPool-1 - Shutdown initiated...
2023-03-05 10:41:53,465 INFO com.zaxxer.hikari.HikariDataSource [SpringApplicationShutdownHook] HikariPool-1 - Shutdown completed.
2023-03-05 11:01:59,779 INFO org.springframework.boot.StartupInfoLogger [main] Starting Application using Java 19.0.1 on DESKTOP-NGJ1FEF with PID 8764 (C:\IdeaProjects\SearchEngine_16\target\classes started by Vladimir in C:\IdeaProjects\SearchEngine_16)
2023-03-05 11:01:59,807 INFO org.springframework.boot.SpringApplication [main] No active profile set, falling back to 1 default profile: "default"
2023-03-05 11:02:05,800 INFO org.springframework.data.repository.config.RepositoryConfigurationDelegate [main] Bootstrapping Spring Data JPA repositories in DEFAULT mode.
2023-03-05 11:02:06,259 INFO org.springframework.data.repository.config.RepositoryConfigurationDelegate [main] Finished Spring Data repository scanning in 342 ms. Found 4 JPA repository interfaces.
2023-03-05 11:02:10,254 INFO org.springframework.boot.web.embedded.tomcat.TomcatWebServer [main] Tomcat initialized with port(s): 8080 (http)
2023-03-05 11:02:10,302 INFO org.apache.juli.logging.DirectJDKLog [main] Initializing ProtocolHandler ["http-nio-8080"]
2023-03-05 11:02:10,304 INFO org.apache.juli.logging.DirectJDKLog [main] Starting service [Tomcat]
2023-03-05 11:02:10,306 INFO org.apache.juli.logging.DirectJDKLog [main] Starting Servlet engine: [Apache Tomcat/9.0.65]
2023-03-05 11:02:11,160 INFO org.apache.juli.logging.DirectJDKLog [main] Initializing Spring embedded WebApplicationContext
2023-03-05 11:02:11,163 INFO org.springframework.boot.web.servlet.context.ServletWebServerApplicationContext [main] Root WebApplicationContext: initialization completed in 10871 ms
2023-03-05 11:02:12,739 INFO org.hibernate.jpa.internal.util.LogHelper [main] HHH000204: Processing PersistenceUnitInfo [name: default]
2023-03-05 11:02:13,213 INFO org.hibernate.Version [main] HHH000412: Hibernate ORM core version 5.6.11.Final
2023-03-05 11:02:14,508 INFO org.hibernate.annotations.common.reflection.java.JavaReflectionManager [main] HCANN000001: Hibernate Commons Annotations {5.1.2.Final}
2023-03-05 11:02:15,131 INFO com.zaxxer.hikari.HikariDataSource [main] HikariPool-1 - Starting...
2023-03-05 11:02:15,793 INFO com.zaxxer.hikari.HikariDataSource [main] HikariPool-1 - Start completed.
2023-03-05 11:02:15,898 INFO org.hibernate.dialect.Dialect [main] HHH000400: Using dialect: org.hibernate.dialect.MySQL8Dialect
2023-03-05 11:02:20,640 INFO org.hibernate.engine.transaction.jta.platform.internal.JtaPlatformInitiator [main] HHH000490: Using JtaPlatform implementation: [org.hibernate.engine.transaction.jta.platform.internal.NoJtaPlatform]
2023-03-05 11:02:20,673 INFO org.springframework.orm.jpa.AbstractEntityManagerFactoryBean [main] Initialized JPA EntityManagerFactory for persistence unit 'default'
2023-03-05 11:02:27,094 INFO org.springframework.security.web.DefaultSecurityFilterChain [main] Will secure any request with [org.springframework.security.web.session.DisableEncodeUrlFilter@23e573e, org.springframework.security.web.context.request.async.WebAsyncManagerIntegrationFilter@46507dda, org.springframework.security.web.context.SecurityContextPersistenceFilter@4e826fd4, org.springframework.security.web.header.HeaderWriterFilter@468646ea, org.springframework.security.web.authentication.logout.LogoutFilter@5400db7e, org.springframework.security.web.authentication.UsernamePasswordAuthenticationFilter@56351c02, org.springframework.security.web.authentication.ui.DefaultLoginPageGeneratingFilter@1ce8084a, org.springframework.security.web.authentication.ui.DefaultLogoutPageGeneratingFilter@52463255, org.springframework.security.web.savedrequest.RequestCacheAwareFilter@46051269, org.springframework.security.web.servletapi.SecurityContextHolderAwareRequestFilter@67baa05, org.springframework.security.web.authentication.AnonymousAuthenticationFilter@66f5770e, org.springframework.security.web.session.SessionManagementFilter@20462820, org.springframework.security.web.access.ExceptionTranslationFilter@15c3585, org.springframework.security.web.access.intercept.FilterSecurityInterceptor@5afba80c]
2023-03-05 11:02:28,580 INFO org.springframework.boot.autoconfigure.web.servlet.WelcomePageHandlerMapping [main] Adding welcome page template: index
2023-03-05 11:02:38,002 INFO org.apache.juli.logging.DirectJDKLog [main] Starting ProtocolHandler ["http-nio-8080"]
2023-03-05 11:02:38,178 INFO org.springframework.boot.web.embedded.tomcat.TomcatWebServer [main] Tomcat started on port(s): 8080 (http) with context path ''
2023-03-05 11:02:38,277 INFO org.springframework.boot.StartupInfoLogger [main] Started Application in 42.288 seconds (JVM running for 44.691)
2023-03-05 11:02:47,343 INFO org.apache.juli.logging.DirectJDKLog [http-nio-8080-exec-1] Initializing Spring DispatcherServlet 'dispatcherServlet'
2023-03-05 11:02:47,345 INFO org.springframework.web.servlet.FrameworkServlet [http-nio-8080-exec-1] Initializing Servlet 'dispatcherServlet'
2023-03-05 11:02:47,352 INFO org.springframework.web.servlet.FrameworkServlet [http-nio-8080-exec-1] Completed initialization in 6 ms
2023-03-05 11:02:47,663 WARN org.apache.juli.logging.DirectJDKLog [http-nio-8080-exec-1] Creation of SecureRandom instance for session ID generation using [SHA1PRNG] took [143] milliseconds.
2023-03-05 11:07:55,144 INFO org.springframework.orm.jpa.AbstractEntityManagerFactoryBean [SpringApplicationShutdownHook] Closing JPA EntityManagerFactory for persistence unit 'default'
2023-03-05 11:07:55,150 INFO com.zaxxer.hikari.HikariDataSource [SpringApplicationShutdownHook] HikariPool-1 - Shutdown initiated...
2023-03-05 11:07:55,246 INFO com.zaxxer.hikari.HikariDataSource [SpringApplicationShutdownHook] HikariPool-1 - Shutdown completed.
2023-03-05 11:09:17,338 INFO org.springframework.boot.StartupInfoLogger [main] Starting Application using Java 19.0.1 on DESKTOP-NGJ1FEF with PID 9436 (C:\IdeaProjects\SearchEngine_16\target\classes started by Vladimir in C:\IdeaProjects\SearchEngine_16)
2023-03-05 11:09:17,354 INFO org.springframework.boot.SpringApplication [main] No active profile set, falling back to 1 default profile: "default"
2023-03-05 11:09:22,408 INFO org.springframework.data.repository.config.RepositoryConfigurationDelegate [main] Bootstrapping Spring Data JPA repositories in DEFAULT mode.
2023-03-05 11:09:22,868 INFO org.springframework.data.repository.config.RepositoryConfigurationDelegate [main] Finished Spring Data repository scanning in 408 ms. Found 4 JPA repository interfaces.
2023-03-05 11:09:26,899 INFO org.springframework.boot.web.embedded.tomcat.TomcatWebServer [main] Tomcat initialized with port(s): 8080 (http)
2023-03-05 11:09:26,949 INFO org.apache.juli.logging.DirectJDKLog [main] Initializing ProtocolHandler ["http-nio-8080"]
2023-03-05 11:09:26,954 INFO org.apache.juli.logging.DirectJDKLog [main] Starting service [Tomcat]
2023-03-05 11:09:26,959 INFO org.apache.juli.logging.DirectJDKLog [main] Starting Servlet engine: [Apache Tomcat/9.0.65]
2023-03-05 11:09:27,792 INFO org.apache.juli.logging.DirectJDKLog [main] Initializing Spring embedded WebApplicationContext
2023-03-05 11:09:27,796 INFO org.springframework.boot.web.servlet.context.ServletWebServerApplicationContext [main] Root WebApplicationContext: initialization completed in 9941 ms
2023-03-05 11:09:30,706 INFO org.hibernate.jpa.internal.util.LogHelper [main] HHH000204: Processing PersistenceUnitInfo [name: default]
2023-03-05 11:09:30,980 INFO org.hibernate.Version [main] HHH000412: Hibernate ORM core version 5.6.11.Final
2023-03-05 11:09:31,969 INFO org.hibernate.annotations.common.reflection.java.JavaReflectionManager [main] HCANN000001: Hibernate Commons Annotations {5.1.2.Final}
2023-03-05 11:09:32,571 INFO com.zaxxer.hikari.HikariDataSource [main] HikariPool-1 - Starting...
2023-03-05 11:09:33,190 INFO com.zaxxer.hikari.HikariDataSource [main] HikariPool-1 - Start completed.
2023-03-05 11:09:33,263 INFO org.hibernate.dialect.Dialect [main] HHH000400: Using dialect: org.hibernate.dialect.MySQL8Dialect
2023-03-05 11:09:36,951 INFO org.hibernate.engine.transaction.jta.platform.internal.JtaPlatformInitiator [main] HHH000490: Using JtaPlatform implementation: [org.hibernate.engine.transaction.jta.platform.internal.NoJtaPlatform]
2023-03-05 11:09:36,991 INFO org.springframework.orm.jpa.AbstractEntityManagerFactoryBean [main] Initialized JPA EntityManagerFactory for persistence unit 'default'
2023-03-05 11:09:41,646 INFO org.springframework.security.web.DefaultSecurityFilterChain [main] Will secure any request with [org.springframework.security.web.session.DisableEncodeUrlFilter@33845e3d, org.springframework.security.web.context.request.async.WebAsyncManagerIntegrationFilter@7e615c6a, org.springframework.security.web.context.SecurityContextPersistenceFilter@736f2fb8, org.springframework.security.web.header.HeaderWriterFilter@573f2e67, org.springframework.security.web.authentication.logout.LogoutFilter@270be080, org.springframework.security.web.authentication.UsernamePasswordAuthenticationFilter@c79915a, org.springframework.security.web.authentication.ui.DefaultLoginPageGeneratingFilter@180fb796, org.springframework.security.web.authentication.ui.DefaultLogoutPageGeneratingFilter@3662c887, org.springframework.security.web.savedrequest.RequestCacheAwareFilter@6d8096ee, org.springframework.security.web.servletapi.SecurityContextHolderAwareRequestFilter@35d8ba22, org.springframework.security.web.authentication.AnonymousAuthenticationFilter@23119bc3, org.springframework.security.web.session.SessionManagementFilter@44e7c06b, org.springframework.security.web.access.ExceptionTranslationFilter@63af52a6, org.springframework.security.web.access.intercept.FilterSecurityInterceptor@34ab398b]
2023-03-05 11:09:43,529 INFO org.springframework.boot.autoconfigure.web.servlet.WelcomePageHandlerMapping [main] Adding welcome page template: index
2023-03-05 11:09:50,895 INFO org.apache.juli.logging.DirectJDKLog [main] Starting ProtocolHandler ["http-nio-8080"]
2023-03-05 11:09:51,013 INFO org.springframework.boot.web.embedded.tomcat.TomcatWebServer [main] Tomcat started on port(s): 8080 (http) with context path ''
2023-03-05 11:09:51,059 INFO org.springframework.boot.StartupInfoLogger [main] Started Application in 36.259 seconds (JVM running for 38.38)
2023-03-05 11:10:04,502 INFO org.apache.juli.logging.DirectJDKLog [http-nio-8080-exec-1] Initializing Spring DispatcherServlet 'dispatcherServlet'
2023-03-05 11:10:04,561 INFO org.springframework.web.servlet.FrameworkServlet [http-nio-8080-exec-1] Initializing Servlet 'dispatcherServlet'
2023-03-05 11:10:04,566 INFO org.springframework.web.servlet.FrameworkServlet [http-nio-8080-exec-1] Completed initialization in 4 ms
2023-03-05 11:10:05,082 WARN org.apache.juli.logging.DirectJDKLog [http-nio-8080-exec-1] Creation of SecureRandom instance for session ID generation using [SHA1PRNG] took [277] milliseconds.
2023-03-05 11:15:36,577 INFO searchengine.controllers.ApiController [http-nio-8080-exec-10] Page not specified
2023-03-05 11:17:47,222 INFO org.springframework.orm.jpa.AbstractEntityManagerFactoryBean [SpringApplicationShutdownHook] Closing JPA EntityManagerFactory for persistence unit 'default'
2023-03-05 11:17:47,228 INFO com.zaxxer.hikari.HikariDataSource [SpringApplicationShutdownHook] HikariPool-1 - Shutdown initiated...
2023-03-05 11:17:47,290 INFO com.zaxxer.hikari.HikariDataSource [SpringApplicationShutdownHook] HikariPool-1 - Shutdown completed.
2023-03-05 11:20:00,306 INFO org.springframework.boot.StartupInfoLogger [main] Starting Application using Java 19.0.1 on DESKTOP-NGJ1FEF with PID 10904 (C:\IdeaProjects\SearchEngine_16\target\classes started by Vladimir in C:\IdeaProjects\SearchEngine_16)
2023-03-05 11:20:00,320 INFO org.springframework.boot.SpringApplication [main] No active profile set, falling back to 1 default profile: "default"
2023-03-05 11:20:06,481 INFO org.springframework.data.repository.config.RepositoryConfigurationDelegate [main] Bootstrapping Spring Data JPA repositories in DEFAULT mode.
2023-03-05 11:20:06,942 INFO org.springframework.data.repository.config.RepositoryConfigurationDelegate [main] Finished Spring Data repository scanning in 420 ms. Found 4 JPA repository interfaces.
2023-03-05 11:20:10,808 INFO org.springframework.boot.web.embedded.tomcat.TomcatWebServer [main] Tomcat initialized with port(s): 8080 (http)
2023-03-05 11:20:10,879 INFO org.apache.juli.logging.DirectJDKLog [main] Initializing ProtocolHandler ["http-nio-8080"]
2023-03-05 11:20:10,882 INFO org.apache.juli.logging.DirectJDKLog [main] Starting service [Tomcat]
2023-03-05 11:20:10,883 INFO org.apache.juli.logging.DirectJDKLog [main] Starting Servlet engine: [Apache Tomcat/9.0.65]
2023-03-05 11:20:11,988 INFO org.apache.juli.logging.DirectJDKLog [main] Initializing Spring embedded WebApplicationContext
2023-03-05 11:20:11,993 INFO org.springframework.boot.web.servlet.context.ServletWebServerApplicationContext [main] Root WebApplicationContext: initialization completed in 11180 ms
2023-03-05 11:20:13,595 INFO org.hibernate.jpa.internal.util.LogHelper [main] HHH000204: Processing PersistenceUnitInfo [name: default]
2023-03-05 11:20:13,957 INFO org.hibernate.Version [main] HHH000412: Hibernate ORM core version 5.6.11.Final
2023-03-05 11:20:15,733 INFO org.hibernate.annotations.common.reflection.java.JavaReflectionManager [main] HCANN000001: Hibernate Commons Annotations {5.1.2.Final}
2023-03-05 11:20:16,442 INFO com.zaxxer.hikari.HikariDataSource [main] HikariPool-1 - Starting...
2023-03-05 11:20:17,124 INFO com.zaxxer.hikari.HikariDataSource [main] HikariPool-1 - Start completed.
2023-03-05 11:20:17,215 INFO org.hibernate.dialect.Dialect [main] HHH000400: Using dialect: org.hibernate.dialect.MySQL8Dialect
2023-03-05 11:20:22,081 INFO org.hibernate.engine.transaction.jta.platform.internal.JtaPlatformInitiator [main] HHH000490: Using JtaPlatform implementation: [org.hibernate.engine.transaction.jta.platform.internal.NoJtaPlatform]
2023-03-05 11:20:22,114 INFO org.springframework.orm.jpa.AbstractEntityManagerFactoryBean [main] Initialized JPA EntityManagerFactory for persistence unit 'default'
2023-03-05 11:20:27,815 INFO org.springframework.security.web.DefaultSecurityFilterChain [main] Will secure any request with [org.springframework.security.web.session.DisableEncodeUrlFilter@45964b9e, org.springframework.security.web.context.request.async.WebAsyncManagerIntegrationFilter@166a5659, org.springframework.security.web.context.SecurityContextPersistenceFilter@125a8ab6, org.springframework.security.web.header.HeaderWriterFilter@4abfa2ff, org.springframework.security.web.authentication.logout.LogoutFilter@1a712f12, org.springframework.security.web.authentication.UsernamePasswordAuthenticationFilter@219a2203, org.springframework.security.web.authentication.ui.DefaultLoginPageGeneratingFilter@3085befb, org.springframework.security.web.authentication.ui.DefaultLogoutPageGeneratingFilter@1afabf06, org.springframework.security.web.savedrequest.RequestCacheAwareFilter@cbc3bf3, org.springframework.security.web.servletapi.SecurityContextHolderAwareRequestFilter@31f9f9b3, org.springframework.security.web.authentication.AnonymousAuthenticationFilter@33060020, org.springframework.security.web.session.SessionManagementFilter@73230721, org.springframework.security.web.access.ExceptionTranslationFilter@22ed2886, org.springframework.security.web.access.intercept.FilterSecurityInterceptor@1ddc889b]
2023-03-05 11:20:29,387 INFO org.springframework.boot.autoconfigure.web.servlet.WelcomePageHandlerMapping [main] Adding welcome page template: index
2023-03-05 11:20:37,429 INFO org.apache.juli.logging.DirectJDKLog [main] Starting ProtocolHandler ["http-nio-8080"]
2023-03-05 11:20:37,528 INFO org.springframework.boot.web.embedded.tomcat.TomcatWebServer [main] Tomcat started on port(s): 8080 (http) with context path ''
2023-03-05 11:20:37,580 INFO org.springframework.boot.StartupInfoLogger [main] Started Application in 40.477 seconds (JVM running for 42.834)
2023-03-05 11:20:47,618 INFO org.apache.juli.logging.DirectJDKLog [http-nio-8080-exec-1] Initializing Spring DispatcherServlet 'dispatcherServlet'
2023-03-05 11:20:47,670 INFO org.springframework.web.servlet.FrameworkServlet [http-nio-8080-exec-1] Initializing Servlet 'dispatcherServlet'
2023-03-05 11:20:47,674 INFO org.springframework.web.servlet.FrameworkServlet [http-nio-8080-exec-1] Completed initialization in 3 ms
2023-03-05 11:20:49,113 WARN org.apache.juli.logging.DirectJDKLog [http-nio-8080-exec-1] Creation of SecureRandom instance for session ID generation using [SHA1PRNG] took [1,193] milliseconds.
2023-03-05 11:21:19,827 INFO org.springframework.orm.jpa.AbstractEntityManagerFactoryBean [SpringApplicationShutdownHook] Closing JPA EntityManagerFactory for persistence unit 'default'
2023-03-05 11:21:19,834 INFO com.zaxxer.hikari.HikariDataSource [SpringApplicationShutdownHook] HikariPool-1 - Shutdown initiated...
2023-03-05 11:21:20,409 INFO com.zaxxer.hikari.HikariDataSource [SpringApplicationShutdownHook] HikariPool-1 - Shutdown completed.
2023-03-05 17:20:22,062 INFO org.springframework.boot.StartupInfoLogger [main] Starting Application using Java 19.0.1 on DESKTOP-NGJ1FEF with PID 3124 (C:\IdeaProjects\SearchEngine_16\target\classes started by Vladimir in C:\IdeaProjects\SearchEngine_16)
2023-03-05 17:20:22,074 INFO org.springframework.boot.SpringApplication [main] No active profile set, falling back to 1 default profile: "default"
2023-03-05 17:20:27,795 INFO org.springframework.data.repository.config.RepositoryConfigurationDelegate [main] Bootstrapping Spring Data JPA repositories in DEFAULT mode.
2023-03-05 17:20:28,260 INFO org.springframework.data.repository.config.RepositoryConfigurationDelegate [main] Finished Spring Data repository scanning in 367 ms. Found 4 JPA repository interfaces.
2023-03-05 17:20:32,342 INFO org.springframework.boot.web.embedded.tomcat.TomcatWebServer [main] Tomcat initialized with port(s): 8080 (http)
2023-03-05 17:20:32,441 INFO org.apache.juli.logging.DirectJDKLog [main] Initializing ProtocolHandler ["http-nio-8080"]
2023-03-05 17:20:32,451 INFO org.apache.juli.logging.DirectJDKLog [main] Starting service [Tomcat]
2023-03-05 17:20:32,453 INFO org.apache.juli.logging.DirectJDKLog [main] Starting Servlet engine: [Apache Tomcat/9.0.65]
2023-03-05 17:20:33,233 INFO org.apache.juli.logging.DirectJDKLog [main] Initializing Spring embedded WebApplicationContext
2023-03-05 17:20:33,236 INFO org.springframework.boot.web.servlet.context.ServletWebServerApplicationContext [main] Root WebApplicationContext: initialization completed in 10726 ms
2023-03-05 17:20:34,696 INFO org.hibernate.jpa.internal.util.LogHelper [main] HHH000204: Processing PersistenceUnitInfo [name: default]
2023-03-05 17:20:35,067 INFO org.hibernate.Version [main] HHH000412: Hibernate ORM core version 5.6.11.Final
2023-03-05 17:20:36,780 INFO org.hibernate.annotations.common.reflection.java.JavaReflectionManager [main] HCANN000001: Hibernate Commons Annotations {5.1.2.Final}
2023-03-05 17:20:37,503 INFO com.zaxxer.hikari.HikariDataSource [main] HikariPool-1 - Starting...
2023-03-05 17:20:38,234 INFO com.zaxxer.hikari.HikariDataSource [main] HikariPool-1 - Start completed.
2023-03-05 17:20:38,322 INFO org.hibernate.dialect.Dialect [main] HHH000400: Using dialect: org.hibernate.dialect.MySQL8Dialect
2023-03-05 17:20:43,320 INFO org.hibernate.engine.transaction.jta.platform.internal.JtaPlatformInitiator [main] HHH000490: Using JtaPlatform implementation: [org.hibernate.engine.transaction.jta.platform.internal.NoJtaPlatform]
2023-03-05 17:20:43,353 INFO org.springframework.orm.jpa.AbstractEntityManagerFactoryBean [main] Initialized JPA EntityManagerFactory for persistence unit 'default'
2023-03-05 17:20:48,837 INFO org.springframework.security.web.DefaultSecurityFilterChain [main] Will secure any request with [org.springframework.security.web.session.DisableEncodeUrlFilter@5b5a89d1, org.springframework.security.web.context.request.async.WebAsyncManagerIntegrationFilter@267b678f, org.springframework.security.web.context.SecurityContextPersistenceFilter@71135794, org.springframework.security.web.header.HeaderWriterFilter@c7443f, org.springframework.security.web.authentication.logout.LogoutFilter@25b402ea, org.springframework.security.web.authentication.UsernamePasswordAuthenticationFilter@384f0e32, org.springframework.security.web.authentication.ui.DefaultLoginPageGeneratingFilter@639cb0c8, org.springframework.security.web.authentication.ui.DefaultLogoutPageGeneratingFilter@4803bf73, org.springframework.security.web.savedrequest.RequestCacheAwareFilter@35451ba6, org.springframework.security.web.servletapi.SecurityContextHolderAwareRequestFilter@21d48c40, org.springframework.security.web.authentication.AnonymousAuthenticationFilter@13731ff4, org.springframework.security.web.session.SessionManagementFilter@1c528f2f, org.springframework.security.web.access.ExceptionTranslationFilter@6761f75b, org.springframework.security.web.access.intercept.FilterSecurityInterceptor@4056cdb2]
2023-03-05 17:20:50,851 INFO org.springframework.boot.autoconfigure.web.servlet.WelcomePageHandlerMapping [main] Adding welcome page template: index
2023-03-05 17:20:57,885 INFO org.apache.juli.logging.DirectJDKLog [main] Starting ProtocolHandler ["http-nio-8080"]
2023-03-05 17:20:58,058 INFO org.springframework.boot.web.embedded.tomcat.TomcatWebServer [main] Tomcat started on port(s): 8080 (http) with context path ''
2023-03-05 17:20:58,138 INFO org.springframework.boot.StartupInfoLogger [main] Started Application in 38.786 seconds (JVM running for 45.477)
2023-03-05 17:22:00,482 INFO org.apache.juli.logging.DirectJDKLog [http-nio-8080-exec-1] Initializing Spring DispatcherServlet 'dispatcherServlet'
2023-03-05 17:22:00,569 INFO org.springframework.web.servlet.FrameworkServlet [http-nio-8080-exec-1] Initializing Servlet 'dispatcherServlet'
2023-03-05 17:22:00,596 INFO org.springframework.web.servlet.FrameworkServlet [http-nio-8080-exec-1] Completed initialization in 17 ms
2023-03-05 17:22:01,594 WARN org.apache.juli.logging.DirectJDKLog [http-nio-8080-exec-1] Creation of SecureRandom instance for session ID generation using [SHA1PRNG] took [139] milliseconds.
2023-03-05 17:23:08,004 INFO searchengine.services.impl.IndexingServiceImpl [http-nio-8080-exec-10] Parsing site: PlayBack.Ru
2023-03-05 17:23:08,011 INFO searchengine.services.impl.IndexingServiceImpl [http-nio-8080-exec-10] Parsing site: radiomv
2023-03-05 17:23:08,183 INFO searchengine.parsers.SiteIndexed [pool-1-thread-2] Indexing - http://radiomv.ru radiomv
2023-03-05 17:23:08,185 INFO searchengine.parsers.SiteIndexed [pool-1-thread-1] Indexing - http://www.playback.ru PlayBack.Ru
2023-03-05 17:25:44,094 INFO searchengine.parsers.SiteIndexed [pool-1-thread-1] Done indexing - http://www.playback.ru
2023-03-05 17:45:14,738 INFO searchengine.parsers.SiteIndexed [pool-1-thread-2] Done indexing - http://radiomv.ru
2023-03-05 17:50:30,695 INFO searchengine.services.impl.SearchServiceImpl [http-nio-8080-exec-2] Searching for "Программы" in - http://radiomv.ru
2023-03-05 17:50:30,776 INFO searchengine.services.impl.SearchServiceImpl [http-nio-8080-exec-2] Search done. Got results.
2023-03-05 17:52:59,274 INFO searchengine.services.impl.SearchServiceImpl [http-nio-8080-exec-3] Getting results of the search "Программы"
2023-03-05 17:52:59,315 ERROR org.apache.juli.logging.DirectJDKLog [http-nio-8080-exec-3] Servlet.service() for servlet [dispatcherServlet] in context with path [] threw exception [Request processing failed; nested exception is java.lang.RuntimeException: java.lang.Exception] with root cause
java.lang.Exception: null
	at searchengine.services.impl.SearchServiceImpl.allSiteSearch(SearchServiceImpl.java:55)
	at searchengine.controllers.ApiController.search(ApiController.java:87)
	at java.base/jdk.internal.reflect.DirectMethodHandleAccessor.invoke(DirectMethodHandleAccessor.java:104)
	at java.base/java.lang.reflect.Method.invoke(Method.java:578)
	at org.springframework.web.method.support.InvocableHandlerMethod.doInvoke(InvocableHandlerMethod.java:205)
	at org.springframework.web.method.support.InvocableHandlerMethod.invokeForRequest(InvocableHandlerMethod.java:150)
	at org.springframework.web.servlet.mvc.method.annotation.ServletInvocableHandlerMethod.invokeAndHandle(ServletInvocableHandlerMethod.java:117)
	at org.springframework.web.servlet.mvc.method.annotation.RequestMappingHandlerAdapter.invokeHandlerMethod(RequestMappingHandlerAdapter.java:895)
	at org.springframework.web.servlet.mvc.method.annotation.RequestMappingHandlerAdapter.handleInternal(RequestMappingHandlerAdapter.java:808)
	at org.springframework.web.servlet.mvc.method.AbstractHandlerMethodAdapter.handle(AbstractHandlerMethodAdapter.java:87)
	at org.springframework.web.servlet.DispatcherServlet.doDispatch(DispatcherServlet.java:1071)
	at org.springframework.web.servlet.DispatcherServlet.doService(DispatcherServlet.java:964)
	at org.springframework.web.servlet.FrameworkServlet.processRequest(FrameworkServlet.java:1006)
	at org.springframework.web.servlet.FrameworkServlet.doGet(FrameworkServlet.java:898)
	at javax.servlet.http.HttpServlet.service(HttpServlet.java:655)
	at org.springframework.web.servlet.FrameworkServlet.service(FrameworkServlet.java:883)
	at javax.servlet.http.HttpServlet.service(HttpServlet.java:764)
	at org.apache.catalina.core.ApplicationFilterChain.internalDoFilter(ApplicationFilterChain.java:227)
	at org.apache.catalina.core.ApplicationFilterChain.doFilter(ApplicationFilterChain.java:162)
	at org.apache.tomcat.websocket.server.WsFilter.doFilter(WsFilter.java:53)
	at org.apache.catalina.core.ApplicationFilterChain.internalDoFilter(ApplicationFilterChain.java:189)
	at org.apache.catalina.core.ApplicationFilterChain.doFilter(ApplicationFilterChain.java:162)
	at org.springframework.web.servlet.resource.ResourceUrlEncodingFilter.doFilter(ResourceUrlEncodingFilter.java:67)
	at org.apache.catalina.core.ApplicationFilterChain.internalDoFilter(ApplicationFilterChain.java:189)
	at org.apache.catalina.core.ApplicationFilterChain.doFilter(ApplicationFilterChain.java:162)
	at org.springframework.security.web.FilterChainProxy$VirtualFilterChain.doFilter(FilterChainProxy.java:337)
	at org.springframework.security.web.access.intercept.FilterSecurityInterceptor.invoke(FilterSecurityInterceptor.java:115)
	at org.springframework.security.web.access.intercept.FilterSecurityInterceptor.doFilter(FilterSecurityInterceptor.java:81)
	at org.springframework.security.web.FilterChainProxy$VirtualFilterChain.doFilter(FilterChainProxy.java:346)
	at org.springframework.security.web.access.ExceptionTranslationFilter.doFilter(ExceptionTranslationFilter.java:122)
	at org.springframework.security.web.access.ExceptionTranslationFilter.doFilter(ExceptionTranslationFilter.java:116)
	at org.springframework.security.web.FilterChainProxy$VirtualFilterChain.doFilter(FilterChainProxy.java:346)
	at org.springframework.security.web.session.SessionManagementFilter.doFilter(SessionManagementFilter.java:126)
	at org.springframework.security.web.session.SessionManagementFilter.doFilter(SessionManagementFilter.java:81)
	at org.springframework.security.web.FilterChainProxy$VirtualFilterChain.doFilter(FilterChainProxy.java:346)
	at org.springframework.security.web.authentication.AnonymousAuthenticationFilter.doFilter(AnonymousAuthenticationFilter.java:109)
	at org.springframework.security.web.FilterChainProxy$VirtualFilterChain.doFilter(FilterChainProxy.java:346)
	at org.springframework.security.web.servletapi.SecurityContextHolderAwareRequestFilter.doFilter(SecurityContextHolderAwareRequestFilter.java:149)
	at org.springframework.security.web.FilterChainProxy$VirtualFilterChain.doFilter(FilterChainProxy.java:346)
	at org.springframework.security.web.savedrequest.RequestCacheAwareFilter.doFilter(RequestCacheAwareFilter.java:63)
	at org.springframework.security.web.FilterChainProxy$VirtualFilterChain.doFilter(FilterChainProxy.java:346)
	at org.springframework.security.web.authentication.ui.DefaultLogoutPageGeneratingFilter.doFilterInternal(DefaultLogoutPageGeneratingFilter.java:58)
	at org.springframework.web.filter.OncePerRequestFilter.doFilter(OncePerRequestFilter.java:117)
	at org.springframework.security.web.FilterChainProxy$VirtualFilterChain.doFilter(FilterChainProxy.java:346)
	at org.springframework.security.web.authentication.ui.DefaultLoginPageGeneratingFilter.doFilter(DefaultLoginPageGeneratingFilter.java:237)
	at org.springframework.security.web.authentication.ui.DefaultLoginPageGeneratingFilter.doFilter(DefaultLoginPageGeneratingFilter.java:223)
	at org.springframework.security.web.FilterChainProxy$VirtualFilterChain.doFilter(FilterChainProxy.java:346)
	at org.springframework.security.web.authentication.AbstractAuthenticationProcessingFilter.doFilter(AbstractAuthenticationProcessingFilter.java:223)
	at org.springframework.security.web.authentication.AbstractAuthenticationProcessingFilter.doFilter(AbstractAuthenticationProcessingFilter.java:217)
	at org.springframework.security.web.FilterChainProxy$VirtualFilterChain.doFilter(FilterChainProxy.java:346)
	at org.springframework.security.web.authentication.logout.LogoutFilter.doFilter(LogoutFilter.java:103)
	at org.springframework.security.web.authentication.logout.LogoutFilter.doFilter(LogoutFilter.java:89)
	at org.springframework.security.web.FilterChainProxy$VirtualFilterChain.doFilter(FilterChainProxy.java:346)
	at org.springframework.security.web.header.HeaderWriterFilter.doHeadersAfter(HeaderWriterFilter.java:90)
	at org.springframework.security.web.header.HeaderWriterFilter.doFilterInternal(HeaderWriterFilter.java:75)
	at org.springframework.web.filter.OncePerRequestFilter.doFilter(OncePerRequestFilter.java:117)
	at org.springframework.security.web.FilterChainProxy$VirtualFilterChain.doFilter(FilterChainProxy.java:346)
	at org.springframework.security.web.context.SecurityContextPersistenceFilter.doFilter(SecurityContextPersistenceFilter.java:112)
	at org.springframework.security.web.context.SecurityContextPersistenceFilter.doFilter(SecurityContextPersistenceFilter.java:82)
	at org.springframework.security.web.FilterChainProxy$VirtualFilterChain.doFilter(FilterChainProxy.java:346)
	at org.springframework.security.web.context.request.async.WebAsyncManagerIntegrationFilter.doFilterInternal(WebAsyncManagerIntegrationFilter.java:55)
	at org.springframework.web.filter.OncePerRequestFilter.doFilter(OncePerRequestFilter.java:117)
	at org.springframework.security.web.FilterChainProxy$VirtualFilterChain.doFilter(FilterChainProxy.java:346)
	at org.springframework.security.web.session.DisableEncodeUrlFilter.doFilterInternal(DisableEncodeUrlFilter.java:42)
	at org.springframework.web.filter.OncePerRequestFilter.doFilter(OncePerRequestFilter.java:117)
	at org.springframework.security.web.FilterChainProxy$VirtualFilterChain.doFilter(FilterChainProxy.java:346)
	at org.springframework.security.web.FilterChainProxy.doFilterInternal(FilterChainProxy.java:221)
	at org.springframework.security.web.FilterChainProxy.doFilter(FilterChainProxy.java:186)
	at org.springframework.web.filter.DelegatingFilterProxy.invokeDelegate(DelegatingFilterProxy.java:354)
	at org.springframework.web.filter.DelegatingFilterProxy.doFilter(DelegatingFilterProxy.java:267)
	at org.apache.catalina.core.ApplicationFilterChain.internalDoFilter(ApplicationFilterChain.java:189)
	at org.apache.catalina.core.ApplicationFilterChain.doFilter(ApplicationFilterChain.java:162)
	at org.springframework.web.filter.RequestContextFilter.doFilterInternal(RequestContextFilter.java:100)
	at org.springframework.web.filter.OncePerRequestFilter.doFilter(OncePerRequestFilter.java:117)
	at org.apache.catalina.core.ApplicationFilterChain.internalDoFilter(ApplicationFilterChain.java:189)
	at org.apache.catalina.core.ApplicationFilterChain.doFilter(ApplicationFilterChain.java:162)
	at org.springframework.web.filter.FormContentFilter.doFilterInternal(FormContentFilter.java:93)
	at org.springframework.web.filter.OncePerRequestFilter.doFilter(OncePerRequestFilter.java:117)
	at org.apache.catalina.core.ApplicationFilterChain.internalDoFilter(ApplicationFilterChain.java:189)
	at org.apache.catalina.core.ApplicationFilterChain.doFilter(ApplicationFilterChain.java:162)
	at org.springframework.web.filter.CharacterEncodingFilter.doFilterInternal(CharacterEncodingFilter.java:201)
	at org.springframework.web.filter.OncePerRequestFilter.doFilter(OncePerRequestFilter.java:117)
	at org.apache.catalina.core.ApplicationFilterChain.internalDoFilter(ApplicationFilterChain.java:189)
	at org.apache.catalina.core.ApplicationFilterChain.doFilter(ApplicationFilterChain.java:162)
	at org.apache.catalina.core.StandardWrapperValve.invoke(StandardWrapperValve.java:197)
	at org.apache.catalina.core.StandardContextValve.invoke(StandardContextValve.java:97)
	at org.apache.catalina.authenticator.AuthenticatorBase.invoke(AuthenticatorBase.java:541)
	at org.apache.catalina.core.StandardHostValve.invoke(StandardHostValve.java:135)
	at org.apache.catalina.valves.ErrorReportValve.invoke(ErrorReportValve.java:92)
	at org.apache.catalina.core.StandardEngineValve.invoke(StandardEngineValve.java:78)
	at org.apache.catalina.connector.CoyoteAdapter.service(CoyoteAdapter.java:360)
	at org.apache.coyote.http11.Http11Processor.service(Http11Processor.java:399)
	at org.apache.coyote.AbstractProcessorLight.process(AbstractProcessorLight.java:65)
	at org.apache.coyote.AbstractProtocol$ConnectionHandler.process(AbstractProtocol.java:890)
	at org.apache.tomcat.util.net.NioEndpoint$SocketProcessor.doRun(NioEndpoint.java:1789)
	at org.apache.tomcat.util.net.SocketProcessorBase.run(SocketProcessorBase.java:49)
	at org.apache.tomcat.util.threads.ThreadPoolExecutor.runWorker(ThreadPoolExecutor.java:1191)
	at org.apache.tomcat.util.threads.ThreadPoolExecutor$Worker.run(ThreadPoolExecutor.java:659)
	at org.apache.tomcat.util.threads.TaskThread$WrappingRunnable.run(TaskThread.java:61)
	at java.base/java.lang.Thread.run(Thread.java:1589)
2023-03-05 17:53:11,398 INFO searchengine.services.impl.SearchServiceImpl [http-nio-8080-exec-5] Searching for "Программы" in - http://www.playback.ru
2023-03-05 17:53:11,407 INFO searchengine.services.impl.SearchServiceImpl [http-nio-8080-exec-5] Search done. Got results.
2023-03-05 17:53:54,425 INFO org.springframework.orm.jpa.AbstractEntityManagerFactoryBean [SpringApplicationShutdownHook] Closing JPA EntityManagerFactory for persistence unit 'default'
2023-03-05 17:53:54,490 INFO com.zaxxer.hikari.HikariDataSource [SpringApplicationShutdownHook] HikariPool-1 - Shutdown initiated...
2023-03-05 17:53:54,533 INFO com.zaxxer.hikari.HikariDataSource [SpringApplicationShutdownHook] HikariPool-1 - Shutdown completed.
2023-03-05 19:09:38,864 INFO org.springframework.boot.StartupInfoLogger [main] Starting Application using Java 19.0.1 on DESKTOP-NGJ1FEF with PID 4672 (C:\IdeaProjects\SearchEngine_16\target\classes started by Vladimir in C:\IdeaProjects\SearchEngine_16)
2023-03-05 19:09:38,885 INFO org.springframework.boot.SpringApplication [main] No active profile set, falling back to 1 default profile: "default"
2023-03-05 19:09:49,540 INFO org.springframework.data.repository.config.RepositoryConfigurationDelegate [main] Bootstrapping Spring Data JPA repositories in DEFAULT mode.
2023-03-05 19:09:50,465 INFO org.springframework.data.repository.config.RepositoryConfigurationDelegate [main] Finished Spring Data repository scanning in 793 ms. Found 4 JPA repository interfaces.
2023-03-05 19:09:57,598 INFO org.springframework.boot.web.embedded.tomcat.TomcatWebServer [main] Tomcat initialized with port(s): 8080 (http)
2023-03-05 19:09:57,642 INFO org.apache.juli.logging.DirectJDKLog [main] Initializing ProtocolHandler ["http-nio-8080"]
2023-03-05 19:09:57,648 INFO org.apache.juli.logging.DirectJDKLog [main] Starting service [Tomcat]
2023-03-05 19:09:57,649 INFO org.apache.juli.logging.DirectJDKLog [main] Starting Servlet engine: [Apache Tomcat/9.0.65]
2023-03-05 19:09:58,711 INFO org.apache.juli.logging.DirectJDKLog [main] Initializing Spring embedded WebApplicationContext
2023-03-05 19:09:58,739 INFO org.springframework.boot.web.servlet.context.ServletWebServerApplicationContext [main] Root WebApplicationContext: initialization completed in 18750 ms
2023-03-05 19:10:03,728 INFO org.hibernate.jpa.internal.util.LogHelper [main] HHH000204: Processing PersistenceUnitInfo [name: default]
2023-03-05 19:10:03,962 INFO org.hibernate.Version [main] HHH000412: Hibernate ORM core version 5.6.11.Final
2023-03-05 19:10:04,845 INFO org.hibernate.annotations.common.reflection.java.JavaReflectionManager [main] HCANN000001: Hibernate Commons Annotations {5.1.2.Final}
2023-03-05 19:10:05,381 INFO com.zaxxer.hikari.HikariDataSource [main] HikariPool-1 - Starting...
2023-03-05 19:10:05,879 INFO com.zaxxer.hikari.HikariDataSource [main] HikariPool-1 - Start completed.
2023-03-05 19:10:05,950 INFO org.hibernate.dialect.Dialect [main] HHH000400: Using dialect: org.hibernate.dialect.MySQL8Dialect
2023-03-05 19:10:09,705 INFO org.hibernate.engine.transaction.jta.platform.internal.JtaPlatformInitiator [main] HHH000490: Using JtaPlatform implementation: [org.hibernate.engine.transaction.jta.platform.internal.NoJtaPlatform]
2023-03-05 19:10:09,746 INFO org.springframework.orm.jpa.AbstractEntityManagerFactoryBean [main] Initialized JPA EntityManagerFactory for persistence unit 'default'
2023-03-05 19:10:14,301 INFO org.springframework.security.web.DefaultSecurityFilterChain [main] Will secure any request with [org.springframework.security.web.session.DisableEncodeUrlFilter@8ab231, org.springframework.security.web.context.request.async.WebAsyncManagerIntegrationFilter@5b3a8bea, org.springframework.security.web.context.SecurityContextPersistenceFilter@3fc051ce, org.springframework.security.web.header.HeaderWriterFilter@aca594d, org.springframework.security.web.authentication.logout.LogoutFilter@13731ff4, org.springframework.security.web.authentication.UsernamePasswordAuthenticationFilter@7ab3f194, org.springframework.security.web.authentication.ui.DefaultLoginPageGeneratingFilter@2175d53f, org.springframework.security.web.authentication.ui.DefaultLogoutPageGeneratingFilter@6ba0dcba, org.springframework.security.web.savedrequest.RequestCacheAwareFilter@558575fe, org.springframework.security.web.servletapi.SecurityContextHolderAwareRequestFilter@25fcdcc6, org.springframework.security.web.authentication.AnonymousAuthenticationFilter@6d7772d3, org.springframework.security.web.session.SessionManagementFilter@9715d26, org.springframework.security.web.access.ExceptionTranslationFilter@44e7c06b, org.springframework.security.web.access.intercept.FilterSecurityInterceptor@3bf41cd0]
2023-03-05 19:10:15,920 INFO org.springframework.boot.autoconfigure.web.servlet.WelcomePageHandlerMapping [main] Adding welcome page template: index
2023-03-05 19:10:22,287 INFO org.apache.juli.logging.DirectJDKLog [main] Starting ProtocolHandler ["http-nio-8080"]
2023-03-05 19:10:22,371 INFO org.springframework.boot.web.embedded.tomcat.TomcatWebServer [main] Tomcat started on port(s): 8080 (http) with context path ''
2023-03-05 19:10:22,414 INFO org.springframework.boot.StartupInfoLogger [main] Started Application in 52.271 seconds (JVM running for 62.102)
2023-03-05 19:10:35,696 INFO org.springframework.orm.jpa.AbstractEntityManagerFactoryBean [SpringApplicationShutdownHook] Closing JPA EntityManagerFactory for persistence unit 'default'
2023-03-05 19:10:35,711 INFO com.zaxxer.hikari.HikariDataSource [SpringApplicationShutdownHook] HikariPool-1 - Shutdown initiated...
2023-03-05 19:10:35,900 INFO com.zaxxer.hikari.HikariDataSource [SpringApplicationShutdownHook] HikariPool-1 - Shutdown completed.
2023-03-05 19:13:14,026 INFO org.springframework.boot.StartupInfoLogger [main] Starting Application using Java 19.0.1 on DESKTOP-NGJ1FEF with PID 6860 (C:\IdeaProjects\SearchEngine_16\target\classes started by Vladimir in C:\IdeaProjects\SearchEngine_16)
2023-03-05 19:13:14,045 INFO org.springframework.boot.SpringApplication [main] No active profile set, falling back to 1 default profile: "default"
2023-03-05 19:13:19,578 INFO org.springframework.data.repository.config.RepositoryConfigurationDelegate [main] Bootstrapping Spring Data JPA repositories in DEFAULT mode.
2023-03-05 19:13:19,981 INFO org.springframework.data.repository.config.RepositoryConfigurationDelegate [main] Finished Spring Data repository scanning in 352 ms. Found 4 JPA repository interfaces.
2023-03-05 19:13:23,642 INFO org.springframework.boot.web.embedded.tomcat.TomcatWebServer [main] Tomcat initialized with port(s): 8080 (http)
2023-03-05 19:13:23,686 INFO org.apache.juli.logging.DirectJDKLog [main] Initializing ProtocolHandler ["http-nio-8080"]
2023-03-05 19:13:23,689 INFO org.apache.juli.logging.DirectJDKLog [main] Starting service [Tomcat]
2023-03-05 19:13:23,690 INFO org.apache.juli.logging.DirectJDKLog [main] Starting Servlet engine: [Apache Tomcat/9.0.65]
2023-03-05 19:13:24,398 INFO org.apache.juli.logging.DirectJDKLog [main] Initializing Spring embedded WebApplicationContext
2023-03-05 19:13:24,401 INFO org.springframework.boot.web.servlet.context.ServletWebServerApplicationContext [main] Root WebApplicationContext: initialization completed in 9874 ms
2023-03-05 19:13:25,526 INFO org.hibernate.jpa.internal.util.LogHelper [main] HHH000204: Processing PersistenceUnitInfo [name: default]
2023-03-05 19:13:25,839 INFO org.hibernate.Version [main] HHH000412: Hibernate ORM core version 5.6.11.Final
2023-03-05 19:13:26,896 INFO org.hibernate.annotations.common.reflection.java.JavaReflectionManager [main] HCANN000001: Hibernate Commons Annotations {5.1.2.Final}
2023-03-05 19:13:27,456 INFO com.zaxxer.hikari.HikariDataSource [main] HikariPool-1 - Starting...
2023-03-05 19:13:28,286 INFO com.zaxxer.hikari.HikariDataSource [main] HikariPool-1 - Start completed.
2023-03-05 19:13:28,356 INFO org.hibernate.dialect.Dialect [main] HHH000400: Using dialect: org.hibernate.dialect.MySQL8Dialect
2023-03-05 19:13:33,512 INFO org.hibernate.engine.transaction.jta.platform.internal.JtaPlatformInitiator [main] HHH000490: Using JtaPlatform implementation: [org.hibernate.engine.transaction.jta.platform.internal.NoJtaPlatform]
2023-03-05 19:13:33,545 INFO org.springframework.orm.jpa.AbstractEntityManagerFactoryBean [main] Initialized JPA EntityManagerFactory for persistence unit 'default'
2023-03-05 19:13:40,340 INFO org.springframework.security.web.DefaultSecurityFilterChain [main] Will secure any request with [org.springframework.security.web.session.DisableEncodeUrlFilter@53f1fcc2, org.springframework.security.web.context.request.async.WebAsyncManagerIntegrationFilter@6a261998, org.springframework.security.web.context.SecurityContextPersistenceFilter@3085befb, org.springframework.security.web.header.HeaderWriterFilter@31f9f9b3, org.springframework.security.web.authentication.logout.LogoutFilter@656c0eae, org.springframework.security.web.authentication.UsernamePasswordAuthenticationFilter@33060020, org.springframework.security.web.authentication.ui.DefaultLoginPageGeneratingFilter@4eab9aec, org.springframework.security.web.authentication.ui.DefaultLogoutPageGeneratingFilter@70f3bf00, org.springframework.security.web.savedrequest.RequestCacheAwareFilter@2bc0603f, org.springframework.security.web.servletapi.SecurityContextHolderAwareRequestFilter@4ed19540, org.springframework.security.web.authentication.AnonymousAuthenticationFilter@49770ef9, org.springframework.security.web.session.SessionManagementFilter@52d01430, org.springframework.security.web.access.ExceptionTranslationFilter@792b9dd3, org.springframework.security.web.access.intercept.FilterSecurityInterceptor@45964b9e]
2023-03-05 19:13:41,840 INFO org.springframework.boot.autoconfigure.web.servlet.WelcomePageHandlerMapping [main] Adding welcome page template: index
2023-03-05 19:13:50,463 INFO org.apache.juli.logging.DirectJDKLog [main] Starting ProtocolHandler ["http-nio-8080"]
2023-03-05 19:13:50,567 INFO org.springframework.boot.web.embedded.tomcat.TomcatWebServer [main] Tomcat started on port(s): 8080 (http) with context path ''
2023-03-05 19:13:50,604 INFO org.springframework.boot.StartupInfoLogger [main] Started Application in 39.374 seconds (JVM running for 42.426)
2023-03-05 19:14:00,804 INFO org.apache.juli.logging.DirectJDKLog [http-nio-8080-exec-1] Initializing Spring DispatcherServlet 'dispatcherServlet'
2023-03-05 19:14:00,806 INFO org.springframework.web.servlet.FrameworkServlet [http-nio-8080-exec-1] Initializing Servlet 'dispatcherServlet'
2023-03-05 19:14:00,810 INFO org.springframework.web.servlet.FrameworkServlet [http-nio-8080-exec-1] Completed initialization in 3 ms
2023-03-05 19:14:37,144 INFO org.springframework.orm.jpa.AbstractEntityManagerFactoryBean [SpringApplicationShutdownHook] Closing JPA EntityManagerFactory for persistence unit 'default'
2023-03-05 19:14:37,152 INFO com.zaxxer.hikari.HikariDataSource [SpringApplicationShutdownHook] HikariPool-1 - Shutdown initiated...
2023-03-05 19:14:37,218 INFO com.zaxxer.hikari.HikariDataSource [SpringApplicationShutdownHook] HikariPool-1 - Shutdown completed.
