2023-03-02 00:17:10,149 INFO org.springframework.boot.StartupInfoLogger [main] Starting Application using Java 19.0.1 on DESKTOP-NGJ1FEF with PID 9868 (C:\IdeaProjects\SearchEngine_7\target\classes started by Vladimir in C:\IdeaProjects\SearchEngine_7)
2023-03-02 00:17:10,190 INFO org.springframework.boot.SpringApplication [main] No active profile set, falling back to 1 default profile: "default"
2023-03-02 00:17:15,999 INFO org.springframework.data.repository.config.RepositoryConfigurationDelegate [main] Bootstrapping Spring Data JPA repositories in DEFAULT mode.
2023-03-02 00:17:16,510 INFO org.springframework.data.repository.config.RepositoryConfigurationDelegate [main] Finished Spring Data repository scanning in 398 ms. Found 4 JPA repository interfaces.
2023-03-02 00:17:20,710 INFO org.springframework.boot.web.embedded.tomcat.TomcatWebServer [main] Tomcat initialized with port(s): 8080 (http)
2023-03-02 00:17:20,765 INFO org.apache.juli.logging.DirectJDKLog [main] Initializing ProtocolHandler ["http-nio-8080"]
2023-03-02 00:17:20,772 INFO org.apache.juli.logging.DirectJDKLog [main] Starting service [Tomcat]
2023-03-02 00:17:20,773 INFO org.apache.juli.logging.DirectJDKLog [main] Starting Servlet engine: [Apache Tomcat/9.0.65]
2023-03-02 00:17:21,681 INFO org.apache.juli.logging.DirectJDKLog [main] Initializing Spring embedded WebApplicationContext
2023-03-02 00:17:21,685 INFO org.springframework.boot.web.servlet.context.ServletWebServerApplicationContext [main] Root WebApplicationContext: initialization completed in 11046 ms
2023-03-02 00:17:24,306 INFO org.hibernate.jpa.internal.util.LogHelper [main] HHH000204: Processing PersistenceUnitInfo [name: default]
2023-03-02 00:17:24,616 INFO org.hibernate.Version [main] HHH000412: Hibernate ORM core version 5.6.11.Final
2023-03-02 00:17:25,493 INFO org.hibernate.annotations.common.reflection.java.JavaReflectionManager [main] HCANN000001: Hibernate Commons Annotations {5.1.2.Final}
2023-03-02 00:17:26,038 INFO com.zaxxer.hikari.HikariDataSource [main] HikariPool-1 - Starting...
2023-03-02 00:17:26,691 INFO com.zaxxer.hikari.HikariDataSource [main] HikariPool-1 - Start completed.
2023-03-02 00:17:26,763 INFO org.hibernate.dialect.Dialect [main] HHH000400: Using dialect: org.hibernate.dialect.MySQL8Dialect
2023-03-02 00:17:30,913 INFO org.hibernate.engine.transaction.jta.platform.internal.JtaPlatformInitiator [main] HHH000490: Using JtaPlatform implementation: [org.hibernate.engine.transaction.jta.platform.internal.NoJtaPlatform]
2023-03-02 00:17:30,947 INFO org.springframework.orm.jpa.AbstractEntityManagerFactoryBean [main] Initialized JPA EntityManagerFactory for persistence unit 'default'
2023-03-02 00:17:33,006 WARN org.springframework.context.support.AbstractApplicationContext [main] Exception encountered during context initialization - cancelling refresh attempt: org.springframework.beans.factory.UnsatisfiedDependencyException: Error creating bean with name 'apiController' defined in file [C:\IdeaProjects\SearchEngine_7\target\classes\searchengine\controllers\ApiController.class]: Unsatisfied dependency expressed through constructor parameter 0; nested exception is org.springframework.beans.factory.UnsatisfiedDependencyException: Error creating bean with name 'statisticsServiceImpl' defined in file [C:\IdeaProjects\SearchEngine_7\target\classes\searchengine\services\impl\StatisticsServiceImpl.class]: Unsatisfied dependency expressed through constructor parameter 1; nested exception is org.springframework.beans.factory.BeanCreationException: Error creating bean with name 'lemmaRepository' defined in searchengine.repository.LemmaRepository defined in @EnableJpaRepositories declared on JpaRepositoriesRegistrar.EnableJpaRepositoriesConfiguration: Invocation of init method failed; nested exception is org.springframework.data.repository.query.QueryCreationException: Could not create query for public abstract java.util.List searchengine.repository.LemmaRepository.findBySiteEntityId(searchengine.model.SitePage); Reason: Failed to create query for method public abstract java.util.List searchengine.repository.LemmaRepository.findBySiteEntityId(searchengine.model.SitePage)! No property 'siteEntityId' found for type 'Lemma'; nested exception is java.lang.IllegalArgumentException: Failed to create query for method public abstract java.util.List searchengine.repository.LemmaRepository.findBySiteEntityId(searchengine.model.SitePage)! No property 'siteEntityId' found for type 'Lemma'
2023-03-02 00:17:33,013 INFO org.springframework.orm.jpa.AbstractEntityManagerFactoryBean [main] Closing JPA EntityManagerFactory for persistence unit 'default'
2023-03-02 00:17:33,018 INFO com.zaxxer.hikari.HikariDataSource [main] HikariPool-1 - Shutdown initiated...
2023-03-02 00:17:33,057 INFO com.zaxxer.hikari.HikariDataSource [main] HikariPool-1 - Shutdown completed.
2023-03-02 00:17:33,065 INFO org.apache.juli.logging.DirectJDKLog [main] Stopping service [Tomcat]
2023-03-02 00:17:33,174 INFO org.springframework.boot.autoconfigure.logging.ConditionEvaluationReportLoggingListener [main] 

Error starting ApplicationContext. To display the conditions report re-run your application with 'debug' enabled.
2023-03-02 00:17:33,347 ERROR org.springframework.boot.SpringApplication [main] Application run failed
org.springframework.beans.factory.UnsatisfiedDependencyException: Error creating bean with name 'apiController' defined in file [C:\IdeaProjects\SearchEngine_7\target\classes\searchengine\controllers\ApiController.class]: Unsatisfied dependency expressed through constructor parameter 0; nested exception is org.springframework.beans.factory.UnsatisfiedDependencyException: Error creating bean with name 'statisticsServiceImpl' defined in file [C:\IdeaProjects\SearchEngine_7\target\classes\searchengine\services\impl\StatisticsServiceImpl.class]: Unsatisfied dependency expressed through constructor parameter 1; nested exception is org.springframework.beans.factory.BeanCreationException: Error creating bean with name 'lemmaRepository' defined in searchengine.repository.LemmaRepository defined in @EnableJpaRepositories declared on JpaRepositoriesRegistrar.EnableJpaRepositoriesConfiguration: Invocation of init method failed; nested exception is org.springframework.data.repository.query.QueryCreationException: Could not create query for public abstract java.util.List searchengine.repository.LemmaRepository.findBySiteEntityId(searchengine.model.SitePage); Reason: Failed to create query for method public abstract java.util.List searchengine.repository.LemmaRepository.findBySiteEntityId(searchengine.model.SitePage)! No property 'siteEntityId' found for type 'Lemma'; nested exception is java.lang.IllegalArgumentException: Failed to create query for method public abstract java.util.List searchengine.repository.LemmaRepository.findBySiteEntityId(searchengine.model.SitePage)! No property 'siteEntityId' found for type 'Lemma'
	at org.springframework.beans.factory.support.ConstructorResolver.createArgumentArray(ConstructorResolver.java:800)
	at org.springframework.beans.factory.support.ConstructorResolver.autowireConstructor(ConstructorResolver.java:229)
	at org.springframework.beans.factory.support.AbstractAutowireCapableBeanFactory.autowireConstructor(AbstractAutowireCapableBeanFactory.java:1372)
	at org.springframework.beans.factory.support.AbstractAutowireCapableBeanFactory.createBeanInstance(AbstractAutowireCapableBeanFactory.java:1222)
	at org.springframework.beans.factory.support.AbstractAutowireCapableBeanFactory.doCreateBean(AbstractAutowireCapableBeanFactory.java:582)
	at org.springframework.beans.factory.support.AbstractAutowireCapableBeanFactory.createBean(AbstractAutowireCapableBeanFactory.java:542)
	at org.springframework.beans.factory.support.AbstractBeanFactory.lambda$doGetBean$0(AbstractBeanFactory.java:335)
	at org.springframework.beans.factory.support.DefaultSingletonBeanRegistry.getSingleton(DefaultSingletonBeanRegistry.java:234)
	at org.springframework.beans.factory.support.AbstractBeanFactory.doGetBean(AbstractBeanFactory.java:333)
	at org.springframework.beans.factory.support.AbstractBeanFactory.getBean(AbstractBeanFactory.java:208)
	at org.springframework.beans.factory.support.DefaultListableBeanFactory.preInstantiateSingletons(DefaultListableBeanFactory.java:955)
	at org.springframework.context.support.AbstractApplicationContext.finishBeanFactoryInitialization(AbstractApplicationContext.java:918)
	at org.springframework.context.support.AbstractApplicationContext.refresh(AbstractApplicationContext.java:583)
	at org.springframework.boot.web.servlet.context.ServletWebServerApplicationContext.refresh(ServletWebServerApplicationContext.java:147)
	at org.springframework.boot.SpringApplication.refresh(SpringApplication.java:734)
	at org.springframework.boot.SpringApplication.refreshContext(SpringApplication.java:408)
	at org.springframework.boot.SpringApplication.run(SpringApplication.java:308)
	at org.springframework.boot.SpringApplication.run(SpringApplication.java:1306)
	at org.springframework.boot.SpringApplication.run(SpringApplication.java:1295)
	at searchengine.Application.main(Application.java:10)
Caused by: org.springframework.beans.factory.UnsatisfiedDependencyException: Error creating bean with name 'statisticsServiceImpl' defined in file [C:\IdeaProjects\SearchEngine_7\target\classes\searchengine\services\impl\StatisticsServiceImpl.class]: Unsatisfied dependency expressed through constructor parameter 1; nested exception is org.springframework.beans.factory.BeanCreationException: Error creating bean with name 'lemmaRepository' defined in searchengine.repository.LemmaRepository defined in @EnableJpaRepositories declared on JpaRepositoriesRegistrar.EnableJpaRepositoriesConfiguration: Invocation of init method failed; nested exception is org.springframework.data.repository.query.QueryCreationException: Could not create query for public abstract java.util.List searchengine.repository.LemmaRepository.findBySiteEntityId(searchengine.model.SitePage); Reason: Failed to create query for method public abstract java.util.List searchengine.repository.LemmaRepository.findBySiteEntityId(searchengine.model.SitePage)! No property 'siteEntityId' found for type 'Lemma'; nested exception is java.lang.IllegalArgumentException: Failed to create query for method public abstract java.util.List searchengine.repository.LemmaRepository.findBySiteEntityId(searchengine.model.SitePage)! No property 'siteEntityId' found for type 'Lemma'
	at org.springframework.beans.factory.support.ConstructorResolver.createArgumentArray(ConstructorResolver.java:800)
	at org.springframework.beans.factory.support.ConstructorResolver.autowireConstructor(ConstructorResolver.java:229)
	at org.springframework.beans.factory.support.AbstractAutowireCapableBeanFactory.autowireConstructor(AbstractAutowireCapableBeanFactory.java:1372)
	at org.springframework.beans.factory.support.AbstractAutowireCapableBeanFactory.createBeanInstance(AbstractAutowireCapableBeanFactory.java:1222)
	at org.springframework.beans.factory.support.AbstractAutowireCapableBeanFactory.doCreateBean(AbstractAutowireCapableBeanFactory.java:582)
	at org.springframework.beans.factory.support.AbstractAutowireCapableBeanFactory.createBean(AbstractAutowireCapableBeanFactory.java:542)
	at org.springframework.beans.factory.support.AbstractBeanFactory.lambda$doGetBean$0(AbstractBeanFactory.java:335)
	at org.springframework.beans.factory.support.DefaultSingletonBeanRegistry.getSingleton(DefaultSingletonBeanRegistry.java:234)
	at org.springframework.beans.factory.support.AbstractBeanFactory.doGetBean(AbstractBeanFactory.java:333)
	at org.springframework.beans.factory.support.AbstractBeanFactory.getBean(AbstractBeanFactory.java:208)
	at org.springframework.beans.factory.config.DependencyDescriptor.resolveCandidate(DependencyDescriptor.java:276)
	at org.springframework.beans.factory.support.DefaultListableBeanFactory.doResolveDependency(DefaultListableBeanFactory.java:1391)
	at org.springframework.beans.factory.support.DefaultListableBeanFactory.resolveDependency(DefaultListableBeanFactory.java:1311)
	at org.springframework.beans.factory.support.ConstructorResolver.resolveAutowiredArgument(ConstructorResolver.java:887)
	at org.springframework.beans.factory.support.ConstructorResolver.createArgumentArray(ConstructorResolver.java:791)
	... 19 common frames omitted
Caused by: org.springframework.beans.factory.BeanCreationException: Error creating bean with name 'lemmaRepository' defined in searchengine.repository.LemmaRepository defined in @EnableJpaRepositories declared on JpaRepositoriesRegistrar.EnableJpaRepositoriesConfiguration: Invocation of init method failed; nested exception is org.springframework.data.repository.query.QueryCreationException: Could not create query for public abstract java.util.List searchengine.repository.LemmaRepository.findBySiteEntityId(searchengine.model.SitePage); Reason: Failed to create query for method public abstract java.util.List searchengine.repository.LemmaRepository.findBySiteEntityId(searchengine.model.SitePage)! No property 'siteEntityId' found for type 'Lemma'; nested exception is java.lang.IllegalArgumentException: Failed to create query for method public abstract java.util.List searchengine.repository.LemmaRepository.findBySiteEntityId(searchengine.model.SitePage)! No property 'siteEntityId' found for type 'Lemma'
	at org.springframework.beans.factory.support.AbstractAutowireCapableBeanFactory.initializeBean(AbstractAutowireCapableBeanFactory.java:1804)
	at org.springframework.beans.factory.support.AbstractAutowireCapableBeanFactory.doCreateBean(AbstractAutowireCapableBeanFactory.java:620)
	at org.springframework.beans.factory.support.AbstractAutowireCapableBeanFactory.createBean(AbstractAutowireCapableBeanFactory.java:542)
	at org.springframework.beans.factory.support.AbstractBeanFactory.lambda$doGetBean$0(AbstractBeanFactory.java:335)
	at org.springframework.beans.factory.support.DefaultSingletonBeanRegistry.getSingleton(DefaultSingletonBeanRegistry.java:234)
	at org.springframework.beans.factory.support.AbstractBeanFactory.doGetBean(AbstractBeanFactory.java:333)
	at org.springframework.beans.factory.support.AbstractBeanFactory.getBean(AbstractBeanFactory.java:208)
	at org.springframework.beans.factory.config.DependencyDescriptor.resolveCandidate(DependencyDescriptor.java:276)
	at org.springframework.beans.factory.support.DefaultListableBeanFactory.doResolveDependency(DefaultListableBeanFactory.java:1391)
	at org.springframework.beans.factory.support.DefaultListableBeanFactory.resolveDependency(DefaultListableBeanFactory.java:1311)
	at org.springframework.beans.factory.support.ConstructorResolver.resolveAutowiredArgument(ConstructorResolver.java:887)
	at org.springframework.beans.factory.support.ConstructorResolver.createArgumentArray(ConstructorResolver.java:791)
	... 33 common frames omitted
Caused by: org.springframework.data.repository.query.QueryCreationException: Could not create query for public abstract java.util.List searchengine.repository.LemmaRepository.findBySiteEntityId(searchengine.model.SitePage); Reason: Failed to create query for method public abstract java.util.List searchengine.repository.LemmaRepository.findBySiteEntityId(searchengine.model.SitePage)! No property 'siteEntityId' found for type 'Lemma'; nested exception is java.lang.IllegalArgumentException: Failed to create query for method public abstract java.util.List searchengine.repository.LemmaRepository.findBySiteEntityId(searchengine.model.SitePage)! No property 'siteEntityId' found for type 'Lemma'
	at org.springframework.data.repository.query.QueryCreationException.create(QueryCreationException.java:101)
	at org.springframework.data.repository.core.support.QueryExecutorMethodInterceptor.lookupQuery(QueryExecutorMethodInterceptor.java:107)
	at org.springframework.data.repository.core.support.QueryExecutorMethodInterceptor.lambda$mapMethodsToQuery$1(QueryExecutorMethodInterceptor.java:95)
	at java.base/java.util.stream.ReferencePipeline$3$1.accept(ReferencePipeline.java:197)
	at java.base/java.util.Iterator.forEachRemaining(Iterator.java:133)
	at java.base/java.util.Collections$UnmodifiableCollection$1.forEachRemaining(Collections.java:1061)
	at java.base/java.util.Spliterators$IteratorSpliterator.forEachRemaining(Spliterators.java:1921)
	at java.base/java.util.stream.AbstractPipeline.copyInto(AbstractPipeline.java:509)
	at java.base/java.util.stream.AbstractPipeline.wrapAndCopyInto(AbstractPipeline.java:499)
	at java.base/java.util.stream.ReduceOps$ReduceOp.evaluateSequential(ReduceOps.java:921)
	at java.base/java.util.stream.AbstractPipeline.evaluate(AbstractPipeline.java:234)
	at java.base/java.util.stream.ReferencePipeline.collect(ReferencePipeline.java:682)
	at org.springframework.data.repository.core.support.QueryExecutorMethodInterceptor.mapMethodsToQuery(QueryExecutorMethodInterceptor.java:97)
	at org.springframework.data.repository.core.support.QueryExecutorMethodInterceptor.lambda$new$0(QueryExecutorMethodInterceptor.java:87)
	at java.base/java.util.Optional.map(Optional.java:260)
	at org.springframework.data.repository.core.support.QueryExecutorMethodInterceptor.<init>(QueryExecutorMethodInterceptor.java:87)
	at org.springframework.data.repository.core.support.RepositoryFactorySupport.getRepository(RepositoryFactorySupport.java:365)
	at org.springframework.data.repository.core.support.RepositoryFactoryBeanSupport.lambda$afterPropertiesSet$5(RepositoryFactoryBeanSupport.java:323)
	at org.springframework.data.util.Lazy.getNullable(Lazy.java:231)
	at org.springframework.data.util.Lazy.get(Lazy.java:115)
	at org.springframework.data.repository.core.support.RepositoryFactoryBeanSupport.afterPropertiesSet(RepositoryFactoryBeanSupport.java:329)
	at org.springframework.data.jpa.repository.support.JpaRepositoryFactoryBean.afterPropertiesSet(JpaRepositoryFactoryBean.java:144)
	at org.springframework.beans.factory.support.AbstractAutowireCapableBeanFactory.invokeInitMethods(AbstractAutowireCapableBeanFactory.java:1863)
	at org.springframework.beans.factory.support.AbstractAutowireCapableBeanFactory.initializeBean(AbstractAutowireCapableBeanFactory.java:1800)
	... 44 common frames omitted
Caused by: java.lang.IllegalArgumentException: Failed to create query for method public abstract java.util.List searchengine.repository.LemmaRepository.findBySiteEntityId(searchengine.model.SitePage)! No property 'siteEntityId' found for type 'Lemma'
	at org.springframework.data.jpa.repository.query.PartTreeJpaQuery.<init>(PartTreeJpaQuery.java:96)
	at org.springframework.data.jpa.repository.query.JpaQueryLookupStrategy$CreateQueryLookupStrategy.resolveQuery(JpaQueryLookupStrategy.java:119)
	at org.springframework.data.jpa.repository.query.JpaQueryLookupStrategy$CreateIfNotFoundQueryLookupStrategy.resolveQuery(JpaQueryLookupStrategy.java:259)
	at org.springframework.data.jpa.repository.query.JpaQueryLookupStrategy$AbstractQueryLookupStrategy.resolveQuery(JpaQueryLookupStrategy.java:93)
	at org.springframework.data.repository.core.support.QueryExecutorMethodInterceptor.lookupQuery(QueryExecutorMethodInterceptor.java:103)
	... 66 common frames omitted
Caused by: org.springframework.data.mapping.PropertyReferenceException: No property 'siteEntityId' found for type 'Lemma'
	at org.springframework.data.mapping.PropertyPath.<init>(PropertyPath.java:91)
	at org.springframework.data.mapping.PropertyPath.create(PropertyPath.java:438)
	at org.springframework.data.mapping.PropertyPath.create(PropertyPath.java:414)
	at org.springframework.data.mapping.PropertyPath.lambda$from$0(PropertyPath.java:367)
	at java.base/java.util.concurrent.ConcurrentMap.computeIfAbsent(ConcurrentMap.java:330)
	at org.springframework.data.mapping.PropertyPath.from(PropertyPath.java:349)
	at org.springframework.data.mapping.PropertyPath.from(PropertyPath.java:332)
	at org.springframework.data.repository.query.parser.Part.<init>(Part.java:81)
	at org.springframework.data.repository.query.parser.PartTree$OrPart.lambda$new$0(PartTree.java:250)
	at java.base/java.util.stream.ReferencePipeline$3$1.accept(ReferencePipeline.java:197)
	at java.base/java.util.stream.ReferencePipeline$2$1.accept(ReferencePipeline.java:179)
	at java.base/java.util.Spliterators$ArraySpliterator.forEachRemaining(Spliterators.java:1006)
	at java.base/java.util.stream.AbstractPipeline.copyInto(AbstractPipeline.java:509)
	at java.base/java.util.stream.AbstractPipeline.wrapAndCopyInto(AbstractPipeline.java:499)
	at java.base/java.util.stream.ReduceOps$ReduceOp.evaluateSequential(ReduceOps.java:921)
	at java.base/java.util.stream.AbstractPipeline.evaluate(AbstractPipeline.java:234)
	at java.base/java.util.stream.ReferencePipeline.collect(ReferencePipeline.java:682)
	at org.springframework.data.repository.query.parser.PartTree$OrPart.<init>(PartTree.java:251)
	at org.springframework.data.repository.query.parser.PartTree$Predicate.lambda$new$0(PartTree.java:384)
	at java.base/java.util.stream.ReferencePipeline$3$1.accept(ReferencePipeline.java:197)
	at java.base/java.util.stream.ReferencePipeline$2$1.accept(ReferencePipeline.java:179)
	at java.base/java.util.Spliterators$ArraySpliterator.forEachRemaining(Spliterators.java:1006)
	at java.base/java.util.stream.AbstractPipeline.copyInto(AbstractPipeline.java:509)
	at java.base/java.util.stream.AbstractPipeline.wrapAndCopyInto(AbstractPipeline.java:499)
	at java.base/java.util.stream.ReduceOps$ReduceOp.evaluateSequential(ReduceOps.java:921)
	at java.base/java.util.stream.AbstractPipeline.evaluate(AbstractPipeline.java:234)
	at java.base/java.util.stream.ReferencePipeline.collect(ReferencePipeline.java:682)
	at org.springframework.data.repository.query.parser.PartTree$Predicate.<init>(PartTree.java:385)
	at org.springframework.data.repository.query.parser.PartTree.<init>(PartTree.java:96)
	at org.springframework.data.jpa.repository.query.PartTreeJpaQuery.<init>(PartTreeJpaQuery.java:89)
	... 70 common frames omitted
2023-03-02 00:24:10,975 INFO org.springframework.boot.StartupInfoLogger [main] Starting Application using Java 19.0.1 on DESKTOP-NGJ1FEF with PID 4952 (C:\IdeaProjects\SearchEngine_7\target\classes started by Vladimir in C:\IdeaProjects\SearchEngine_7)
2023-03-02 00:24:10,990 INFO org.springframework.boot.SpringApplication [main] No active profile set, falling back to 1 default profile: "default"
2023-03-02 00:24:16,669 INFO org.springframework.data.repository.config.RepositoryConfigurationDelegate [main] Bootstrapping Spring Data JPA repositories in DEFAULT mode.
2023-03-02 00:24:17,166 INFO org.springframework.data.repository.config.RepositoryConfigurationDelegate [main] Finished Spring Data repository scanning in 452 ms. Found 4 JPA repository interfaces.
2023-03-02 00:24:21,743 INFO org.springframework.boot.web.embedded.tomcat.TomcatWebServer [main] Tomcat initialized with port(s): 8080 (http)
2023-03-02 00:24:21,813 INFO org.apache.juli.logging.DirectJDKLog [main] Initializing ProtocolHandler ["http-nio-8080"]
2023-03-02 00:24:21,819 INFO org.apache.juli.logging.DirectJDKLog [main] Starting service [Tomcat]
2023-03-02 00:24:21,821 INFO org.apache.juli.logging.DirectJDKLog [main] Starting Servlet engine: [Apache Tomcat/9.0.65]
2023-03-02 00:24:22,576 INFO org.apache.juli.logging.DirectJDKLog [main] Initializing Spring embedded WebApplicationContext
2023-03-02 00:24:22,579 INFO org.springframework.boot.web.servlet.context.ServletWebServerApplicationContext [main] Root WebApplicationContext: initialization completed in 11085 ms
2023-03-02 00:24:24,305 INFO org.hibernate.jpa.internal.util.LogHelper [main] HHH000204: Processing PersistenceUnitInfo [name: default]
2023-03-02 00:24:24,583 INFO org.hibernate.Version [main] HHH000412: Hibernate ORM core version 5.6.11.Final
2023-03-02 00:24:25,646 INFO org.hibernate.annotations.common.reflection.java.JavaReflectionManager [main] HCANN000001: Hibernate Commons Annotations {5.1.2.Final}
2023-03-02 00:24:26,309 INFO com.zaxxer.hikari.HikariDataSource [main] HikariPool-1 - Starting...
2023-03-02 00:24:26,982 INFO com.zaxxer.hikari.HikariDataSource [main] HikariPool-1 - Start completed.
2023-03-02 00:24:27,065 INFO org.hibernate.dialect.Dialect [main] HHH000400: Using dialect: org.hibernate.dialect.MySQL8Dialect
2023-03-02 00:24:31,232 INFO org.hibernate.engine.transaction.jta.platform.internal.JtaPlatformInitiator [main] HHH000490: Using JtaPlatform implementation: [org.hibernate.engine.transaction.jta.platform.internal.NoJtaPlatform]
2023-03-02 00:24:31,265 INFO org.springframework.orm.jpa.AbstractEntityManagerFactoryBean [main] Initialized JPA EntityManagerFactory for persistence unit 'default'
2023-03-02 00:24:36,839 INFO org.springframework.security.web.DefaultSecurityFilterChain [main] Will secure any request with [org.springframework.security.web.session.DisableEncodeUrlFilter@3696d12d, org.springframework.security.web.context.request.async.WebAsyncManagerIntegrationFilter@656672fb, org.springframework.security.web.context.SecurityContextPersistenceFilter@23ee92df, org.springframework.security.web.header.HeaderWriterFilter@29c21acb, org.springframework.security.web.authentication.logout.LogoutFilter@3fc051ce, org.springframework.security.web.authentication.UsernamePasswordAuthenticationFilter@fa689db, org.springframework.security.web.authentication.ui.DefaultLoginPageGeneratingFilter@1a1f22f2, org.springframework.security.web.authentication.ui.DefaultLogoutPageGeneratingFilter@75df4b1d, org.springframework.security.web.savedrequest.RequestCacheAwareFilter@4b1b2255, org.springframework.security.web.servletapi.SecurityContextHolderAwareRequestFilter@4965454c, org.springframework.security.web.authentication.AnonymousAuthenticationFilter@43120a77, org.springframework.security.web.session.SessionManagementFilter@448fa659, org.springframework.security.web.access.ExceptionTranslationFilter@6e00d737, org.springframework.security.web.access.intercept.FilterSecurityInterceptor@71817f66]
2023-03-02 00:24:38,253 INFO org.springframework.boot.autoconfigure.web.servlet.WelcomePageHandlerMapping [main] Adding welcome page template: index
2023-03-02 00:24:46,403 INFO org.apache.juli.logging.DirectJDKLog [main] Starting ProtocolHandler ["http-nio-8080"]
2023-03-02 00:24:46,507 INFO org.springframework.boot.web.embedded.tomcat.TomcatWebServer [main] Tomcat started on port(s): 8080 (http) with context path ''
2023-03-02 00:24:46,556 INFO org.springframework.boot.StartupInfoLogger [main] Started Application in 38.535 seconds (JVM running for 40.615)
2023-03-02 00:25:22,442 INFO org.apache.juli.logging.DirectJDKLog [http-nio-8080-exec-1] Initializing Spring DispatcherServlet 'dispatcherServlet'
2023-03-02 00:25:22,444 INFO org.springframework.web.servlet.FrameworkServlet [http-nio-8080-exec-1] Initializing Servlet 'dispatcherServlet'
2023-03-02 00:25:22,456 INFO org.springframework.web.servlet.FrameworkServlet [http-nio-8080-exec-1] Completed initialization in 11 ms
2023-03-02 00:25:22,858 WARN org.apache.juli.logging.DirectJDKLog [http-nio-8080-exec-1] Creation of SecureRandom instance for session ID generation using [SHA1PRNG] took [145] milliseconds.
2023-03-02 00:25:55,276 INFO searchengine.services.impl.SearchServiceImpl [http-nio-8080-exec-4] Searching for "Программы" in - http://radiomv.ru
2023-03-02 00:25:55,412 INFO searchengine.services.impl.SearchServiceImpl [http-nio-8080-exec-4] Search done. Got results.
2023-03-02 00:27:08,315 INFO org.springframework.orm.jpa.AbstractEntityManagerFactoryBean [SpringApplicationShutdownHook] Closing JPA EntityManagerFactory for persistence unit 'default'
2023-03-02 00:27:08,416 INFO com.zaxxer.hikari.HikariDataSource [SpringApplicationShutdownHook] HikariPool-1 - Shutdown initiated...
2023-03-02 00:27:08,475 INFO com.zaxxer.hikari.HikariDataSource [SpringApplicationShutdownHook] HikariPool-1 - Shutdown completed.
2023-03-02 00:34:39,574 INFO org.springframework.boot.StartupInfoLogger [main] Starting Application using Java 19.0.1 on DESKTOP-NGJ1FEF with PID 6588 (C:\IdeaProjects\SearchEngine_7\target\classes started by Vladimir in C:\IdeaProjects\SearchEngine_7)
2023-03-02 00:34:39,597 INFO org.springframework.boot.SpringApplication [main] No active profile set, falling back to 1 default profile: "default"
2023-03-02 00:34:45,984 INFO org.springframework.data.repository.config.RepositoryConfigurationDelegate [main] Bootstrapping Spring Data JPA repositories in DEFAULT mode.
2023-03-02 00:34:46,537 INFO org.springframework.data.repository.config.RepositoryConfigurationDelegate [main] Finished Spring Data repository scanning in 485 ms. Found 4 JPA repository interfaces.
2023-03-02 00:34:51,349 INFO org.springframework.boot.web.embedded.tomcat.TomcatWebServer [main] Tomcat initialized with port(s): 8080 (http)
2023-03-02 00:34:51,405 INFO org.apache.juli.logging.DirectJDKLog [main] Initializing ProtocolHandler ["http-nio-8080"]
2023-03-02 00:34:51,449 INFO org.apache.juli.logging.DirectJDKLog [main] Starting service [Tomcat]
2023-03-02 00:34:51,453 INFO org.apache.juli.logging.DirectJDKLog [main] Starting Servlet engine: [Apache Tomcat/9.0.65]
2023-03-02 00:34:52,478 INFO org.apache.juli.logging.DirectJDKLog [main] Initializing Spring embedded WebApplicationContext
2023-03-02 00:34:52,489 INFO org.springframework.boot.web.servlet.context.ServletWebServerApplicationContext [main] Root WebApplicationContext: initialization completed in 12186 ms
2023-03-02 00:34:55,771 INFO org.hibernate.jpa.internal.util.LogHelper [main] HHH000204: Processing PersistenceUnitInfo [name: default]
2023-03-02 00:34:56,043 INFO org.hibernate.Version [main] HHH000412: Hibernate ORM core version 5.6.11.Final
2023-03-02 00:34:57,437 INFO org.hibernate.annotations.common.reflection.java.JavaReflectionManager [main] HCANN000001: Hibernate Commons Annotations {5.1.2.Final}
2023-03-02 00:34:58,017 INFO com.zaxxer.hikari.HikariDataSource [main] HikariPool-1 - Starting...
2023-03-02 00:34:58,863 INFO com.zaxxer.hikari.HikariDataSource [main] HikariPool-1 - Start completed.
2023-03-02 00:34:58,937 INFO org.hibernate.dialect.Dialect [main] HHH000400: Using dialect: org.hibernate.dialect.MySQL8Dialect
2023-03-02 00:35:03,549 INFO org.hibernate.engine.transaction.jta.platform.internal.JtaPlatformInitiator [main] HHH000490: Using JtaPlatform implementation: [org.hibernate.engine.transaction.jta.platform.internal.NoJtaPlatform]
2023-03-02 00:35:03,583 INFO org.springframework.orm.jpa.AbstractEntityManagerFactoryBean [main] Initialized JPA EntityManagerFactory for persistence unit 'default'
2023-03-02 00:35:10,056 INFO org.springframework.security.web.DefaultSecurityFilterChain [main] Will secure any request with [org.springframework.security.web.session.DisableEncodeUrlFilter@64a4739, org.springframework.security.web.context.request.async.WebAsyncManagerIntegrationFilter@7ab3f194, org.springframework.security.web.context.SecurityContextPersistenceFilter@5eff5e4c, org.springframework.security.web.header.HeaderWriterFilter@254d8ef6, org.springframework.security.web.authentication.logout.LogoutFilter@13731ff4, org.springframework.security.web.authentication.UsernamePasswordAuthenticationFilter@912a644, org.springframework.security.web.authentication.ui.DefaultLoginPageGeneratingFilter@752ffce3, org.springframework.security.web.authentication.ui.DefaultLogoutPageGeneratingFilter@613a608e, org.springframework.security.web.savedrequest.RequestCacheAwareFilter@69926b6e, org.springframework.security.web.servletapi.SecurityContextHolderAwareRequestFilter@7ea8224b, org.springframework.security.web.authentication.AnonymousAuthenticationFilter@37b1218, org.springframework.security.web.session.SessionManagementFilter@72406594, org.springframework.security.web.access.ExceptionTranslationFilter@29ae2517, org.springframework.security.web.access.intercept.FilterSecurityInterceptor@66851aa5]
2023-03-02 00:35:11,798 INFO org.springframework.boot.autoconfigure.web.servlet.WelcomePageHandlerMapping [main] Adding welcome page template: index
2023-03-02 00:35:21,709 INFO org.apache.juli.logging.DirectJDKLog [main] Starting ProtocolHandler ["http-nio-8080"]
2023-03-02 00:35:22,068 INFO org.springframework.boot.web.embedded.tomcat.TomcatWebServer [main] Tomcat started on port(s): 8080 (http) with context path ''
2023-03-02 00:35:22,119 INFO org.springframework.boot.StartupInfoLogger [main] Started Application in 46.122 seconds (JVM running for 51.868)
2023-03-02 00:35:33,450 INFO org.apache.juli.logging.DirectJDKLog [http-nio-8080-exec-1] Initializing Spring DispatcherServlet 'dispatcherServlet'
2023-03-02 00:35:33,455 INFO org.springframework.web.servlet.FrameworkServlet [http-nio-8080-exec-1] Initializing Servlet 'dispatcherServlet'
2023-03-02 00:35:33,461 INFO org.springframework.web.servlet.FrameworkServlet [http-nio-8080-exec-1] Completed initialization in 5 ms
2023-03-02 00:35:33,757 WARN org.apache.juli.logging.DirectJDKLog [http-nio-8080-exec-1] Creation of SecureRandom instance for session ID generation using [SHA1PRNG] took [122] milliseconds.
2023-03-02 00:36:00,673 INFO searchengine.services.impl.IndexingServiceImpl [http-nio-8080-exec-10] Parsing site: radiomv
2023-03-02 00:36:00,866 INFO searchengine.parsers.SiteIndexed [pool-1-thread-1] Indexing - http://radiomv.ru radiomv
2023-03-02 00:57:41,836 INFO searchengine.parsers.SiteIndexed [pool-1-thread-1] Done indexing - http://radiomv.ru
2023-03-02 00:58:09,342 INFO org.springframework.orm.jpa.AbstractEntityManagerFactoryBean [SpringApplicationShutdownHook] Closing JPA EntityManagerFactory for persistence unit 'default'
2023-03-02 00:58:09,357 INFO com.zaxxer.hikari.HikariDataSource [SpringApplicationShutdownHook] HikariPool-1 - Shutdown initiated...
2023-03-02 00:58:09,412 INFO com.zaxxer.hikari.HikariDataSource [SpringApplicationShutdownHook] HikariPool-1 - Shutdown completed.
2023-03-02 09:31:39,039 INFO org.springframework.boot.StartupInfoLogger [main] Starting Application using Java 19.0.1 on DESKTOP-NGJ1FEF with PID 7044 (C:\IdeaProjects\SearchEngine_7\target\classes started by Vladimir in C:\IdeaProjects\SearchEngine_7)
2023-03-02 09:31:39,069 INFO org.springframework.boot.SpringApplication [main] No active profile set, falling back to 1 default profile: "default"
2023-03-02 09:31:45,288 INFO org.springframework.data.repository.config.RepositoryConfigurationDelegate [main] Bootstrapping Spring Data JPA repositories in DEFAULT mode.
2023-03-02 09:31:45,793 INFO org.springframework.data.repository.config.RepositoryConfigurationDelegate [main] Finished Spring Data repository scanning in 447 ms. Found 4 JPA repository interfaces.
2023-03-02 09:31:50,087 INFO org.springframework.boot.web.embedded.tomcat.TomcatWebServer [main] Tomcat initialized with port(s): 8080 (http)
2023-03-02 09:31:50,146 INFO org.apache.juli.logging.DirectJDKLog [main] Initializing ProtocolHandler ["http-nio-8080"]
2023-03-02 09:31:50,154 INFO org.apache.juli.logging.DirectJDKLog [main] Starting service [Tomcat]
2023-03-02 09:31:50,157 INFO org.apache.juli.logging.DirectJDKLog [main] Starting Servlet engine: [Apache Tomcat/9.0.65]
2023-03-02 09:31:50,922 INFO org.apache.juli.logging.DirectJDKLog [main] Initializing Spring embedded WebApplicationContext
2023-03-02 09:31:50,925 INFO org.springframework.boot.web.servlet.context.ServletWebServerApplicationContext [main] Root WebApplicationContext: initialization completed in 10789 ms
2023-03-02 09:31:52,549 INFO org.hibernate.jpa.internal.util.LogHelper [main] HHH000204: Processing PersistenceUnitInfo [name: default]
2023-03-02 09:31:52,828 INFO org.hibernate.Version [main] HHH000412: Hibernate ORM core version 5.6.11.Final
2023-03-02 09:31:54,082 INFO org.hibernate.annotations.common.reflection.java.JavaReflectionManager [main] HCANN000001: Hibernate Commons Annotations {5.1.2.Final}
2023-03-02 09:31:54,660 INFO com.zaxxer.hikari.HikariDataSource [main] HikariPool-1 - Starting...
2023-03-02 09:31:55,244 INFO com.zaxxer.hikari.HikariDataSource [main] HikariPool-1 - Start completed.
2023-03-02 09:31:55,317 INFO org.hibernate.dialect.Dialect [main] HHH000400: Using dialect: org.hibernate.dialect.MySQL8Dialect
2023-03-02 09:31:59,604 INFO org.hibernate.engine.transaction.jta.platform.internal.JtaPlatformInitiator [main] HHH000490: Using JtaPlatform implementation: [org.hibernate.engine.transaction.jta.platform.internal.NoJtaPlatform]
2023-03-02 09:31:59,637 INFO org.springframework.orm.jpa.AbstractEntityManagerFactoryBean [main] Initialized JPA EntityManagerFactory for persistence unit 'default'
2023-03-02 09:32:04,928 INFO org.springframework.security.web.DefaultSecurityFilterChain [main] Will secure any request with [org.springframework.security.web.session.DisableEncodeUrlFilter@68af8288, org.springframework.security.web.context.request.async.WebAsyncManagerIntegrationFilter@8dc3019, org.springframework.security.web.context.SecurityContextPersistenceFilter@52d434c1, org.springframework.security.web.header.HeaderWriterFilter@1a1f22f2, org.springframework.security.web.authentication.logout.LogoutFilter@72406594, org.springframework.security.web.authentication.UsernamePasswordAuthenticationFilter@2ad6aeb8, org.springframework.security.web.authentication.ui.DefaultLoginPageGeneratingFilter@24a807a9, org.springframework.security.web.authentication.ui.DefaultLogoutPageGeneratingFilter@34ab398b, org.springframework.security.web.savedrequest.RequestCacheAwareFilter@3407ded1, org.springframework.security.web.servletapi.SecurityContextHolderAwareRequestFilter@63af52a6, org.springframework.security.web.authentication.AnonymousAuthenticationFilter@71634e64, org.springframework.security.web.session.SessionManagementFilter@4e782401, org.springframework.security.web.access.ExceptionTranslationFilter@e2ee348, org.springframework.security.web.access.intercept.FilterSecurityInterceptor@6130a6f5]
2023-03-02 09:32:06,468 INFO org.springframework.boot.autoconfigure.web.servlet.WelcomePageHandlerMapping [main] Adding welcome page template: index
2023-03-02 09:32:15,068 INFO org.apache.juli.logging.DirectJDKLog [main] Starting ProtocolHandler ["http-nio-8080"]
2023-03-02 09:32:15,227 INFO org.springframework.boot.web.embedded.tomcat.TomcatWebServer [main] Tomcat started on port(s): 8080 (http) with context path ''
2023-03-02 09:32:15,267 INFO org.springframework.boot.StartupInfoLogger [main] Started Application in 39.174 seconds (JVM running for 42.21)
2023-03-02 09:32:40,200 INFO org.apache.juli.logging.DirectJDKLog [http-nio-8080-exec-1] Initializing Spring DispatcherServlet 'dispatcherServlet'
2023-03-02 09:32:40,218 INFO org.springframework.web.servlet.FrameworkServlet [http-nio-8080-exec-1] Initializing Servlet 'dispatcherServlet'
2023-03-02 09:32:40,235 INFO org.springframework.web.servlet.FrameworkServlet [http-nio-8080-exec-1] Completed initialization in 14 ms
2023-03-02 09:32:40,879 WARN org.apache.juli.logging.DirectJDKLog [http-nio-8080-exec-1] Creation of SecureRandom instance for session ID generation using [SHA1PRNG] took [253] milliseconds.
2023-03-02 09:35:15,634 INFO searchengine.services.impl.IndexingServiceImpl [http-nio-8080-exec-8] Parsing site: radiomv
2023-03-02 09:35:15,788 INFO searchengine.parsers.SiteIndexed [pool-1-thread-1] Indexing - http://radiomv.ru radiomv
2023-03-02 09:56:31,079 INFO searchengine.parsers.SiteIndexed [pool-1-thread-1] Done indexing - http://radiomv.ru
2023-03-02 10:24:42,419 INFO searchengine.services.impl.SearchServiceImpl [http-nio-8080-exec-4] Searching for "Программы" in - http://radiomv.ru
2023-03-02 10:24:42,538 INFO searchengine.services.impl.SearchServiceImpl [http-nio-8080-exec-4] Search done. Got results.
2023-03-02 10:24:57,861 INFO org.springframework.orm.jpa.AbstractEntityManagerFactoryBean [SpringApplicationShutdownHook] Closing JPA EntityManagerFactory for persistence unit 'default'
2023-03-02 10:24:57,870 INFO com.zaxxer.hikari.HikariDataSource [SpringApplicationShutdownHook] HikariPool-1 - Shutdown initiated...
2023-03-02 10:24:57,905 INFO com.zaxxer.hikari.HikariDataSource [SpringApplicationShutdownHook] HikariPool-1 - Shutdown completed.
2023-03-02 10:40:44,234 INFO org.springframework.boot.StartupInfoLogger [main] Starting Application using Java 19.0.1 on DESKTOP-NGJ1FEF with PID 9932 (C:\IdeaProjects\SearchEngine_8\target\classes started by Vladimir in C:\IdeaProjects\SearchEngine_8)
2023-03-02 10:40:44,259 INFO org.springframework.boot.SpringApplication [main] No active profile set, falling back to 1 default profile: "default"
2023-03-02 10:40:52,103 INFO org.springframework.data.repository.config.RepositoryConfigurationDelegate [main] Bootstrapping Spring Data JPA repositories in DEFAULT mode.
2023-03-02 10:40:52,536 INFO org.springframework.data.repository.config.RepositoryConfigurationDelegate [main] Finished Spring Data repository scanning in 382 ms. Found 4 JPA repository interfaces.
2023-03-02 10:40:57,421 INFO org.springframework.boot.web.embedded.tomcat.TomcatWebServer [main] Tomcat initialized with port(s): 8080 (http)
2023-03-02 10:40:57,469 INFO org.apache.juli.logging.DirectJDKLog [main] Initializing ProtocolHandler ["http-nio-8080"]
2023-03-02 10:40:57,472 INFO org.apache.juli.logging.DirectJDKLog [main] Starting service [Tomcat]
2023-03-02 10:40:57,474 INFO org.apache.juli.logging.DirectJDKLog [main] Starting Servlet engine: [Apache Tomcat/9.0.65]
2023-03-02 10:40:58,295 INFO org.apache.juli.logging.DirectJDKLog [main] Initializing Spring embedded WebApplicationContext
2023-03-02 10:40:58,298 INFO org.springframework.boot.web.servlet.context.ServletWebServerApplicationContext [main] Root WebApplicationContext: initialization completed in 13566 ms
2023-03-02 10:41:00,070 INFO org.hibernate.jpa.internal.util.LogHelper [main] HHH000204: Processing PersistenceUnitInfo [name: default]
2023-03-02 10:41:00,323 INFO org.hibernate.Version [main] HHH000412: Hibernate ORM core version 5.6.11.Final
2023-03-02 10:41:01,472 INFO org.hibernate.annotations.common.reflection.java.JavaReflectionManager [main] HCANN000001: Hibernate Commons Annotations {5.1.2.Final}
2023-03-02 10:41:02,070 INFO com.zaxxer.hikari.HikariDataSource [main] HikariPool-1 - Starting...
2023-03-02 10:41:02,679 INFO com.zaxxer.hikari.HikariDataSource [main] HikariPool-1 - Start completed.
2023-03-02 10:41:02,758 INFO org.hibernate.dialect.Dialect [main] HHH000400: Using dialect: org.hibernate.dialect.MySQL8Dialect
2023-03-02 10:41:07,714 INFO org.hibernate.engine.transaction.jta.platform.internal.JtaPlatformInitiator [main] HHH000490: Using JtaPlatform implementation: [org.hibernate.engine.transaction.jta.platform.internal.NoJtaPlatform]
2023-03-02 10:41:07,748 INFO org.springframework.orm.jpa.AbstractEntityManagerFactoryBean [main] Initialized JPA EntityManagerFactory for persistence unit 'default'
2023-03-02 10:41:13,313 INFO org.springframework.security.web.DefaultSecurityFilterChain [main] Will secure any request with [org.springframework.security.web.session.DisableEncodeUrlFilter@21b2579d, org.springframework.security.web.context.request.async.WebAsyncManagerIntegrationFilter@87f1201, org.springframework.security.web.context.SecurityContextPersistenceFilter@4eab9aec, org.springframework.security.web.header.HeaderWriterFilter@4ed19540, org.springframework.security.web.authentication.logout.LogoutFilter@1a6a4595, org.springframework.security.web.authentication.UsernamePasswordAuthenticationFilter@49770ef9, org.springframework.security.web.authentication.ui.DefaultLoginPageGeneratingFilter@cce92b5, org.springframework.security.web.authentication.ui.DefaultLogoutPageGeneratingFilter@796613b7, org.springframework.security.web.savedrequest.RequestCacheAwareFilter@2c6efee3, org.springframework.security.web.servletapi.SecurityContextHolderAwareRequestFilter@57ac236a, org.springframework.security.web.authentication.AnonymousAuthenticationFilter@77622c82, org.springframework.security.web.session.SessionManagementFilter@322eb1a, org.springframework.security.web.access.ExceptionTranslationFilter@62264d4f, org.springframework.security.web.access.intercept.FilterSecurityInterceptor@53f1fcc2]
2023-03-02 10:41:14,991 INFO org.springframework.boot.autoconfigure.web.servlet.WelcomePageHandlerMapping [main] Adding welcome page template: index
2023-03-02 10:41:24,526 INFO org.apache.juli.logging.DirectJDKLog [main] Starting ProtocolHandler ["http-nio-8080"]
2023-03-02 10:41:24,787 INFO org.springframework.boot.web.embedded.tomcat.TomcatWebServer [main] Tomcat started on port(s): 8080 (http) with context path ''
2023-03-02 10:41:24,842 INFO org.springframework.boot.StartupInfoLogger [main] Started Application in 43.755 seconds (JVM running for 46.452)
2023-03-02 10:41:37,401 INFO org.apache.juli.logging.DirectJDKLog [http-nio-8080-exec-1] Initializing Spring DispatcherServlet 'dispatcherServlet'
2023-03-02 10:41:37,405 INFO org.springframework.web.servlet.FrameworkServlet [http-nio-8080-exec-1] Initializing Servlet 'dispatcherServlet'
2023-03-02 10:41:37,419 INFO org.springframework.web.servlet.FrameworkServlet [http-nio-8080-exec-1] Completed initialization in 9 ms
2023-03-02 10:41:56,460 INFO org.springframework.boot.StartupInfoLogger [main] Starting Application using Java 19.0.1 on DESKTOP-NGJ1FEF with PID 9224 (C:\IdeaProjects\SearchEngine_8\target\classes started by Vladimir in C:\IdeaProjects\SearchEngine_8)
2023-03-02 10:41:56,500 INFO org.springframework.boot.SpringApplication [main] No active profile set, falling back to 1 default profile: "default"
2023-03-02 10:41:57,303 INFO searchengine.services.impl.IndexingServiceImpl [http-nio-8080-exec-3] Parsing site: radiomv
2023-03-02 10:41:57,649 INFO searchengine.parsers.SiteIndexed [pool-1-thread-1] Indexing - http://radiomv.ru radiomv
2023-03-02 10:42:02,470 INFO org.springframework.data.repository.config.RepositoryConfigurationDelegate [main] Bootstrapping Spring Data JPA repositories in DEFAULT mode.
2023-03-02 10:42:03,063 INFO org.springframework.data.repository.config.RepositoryConfigurationDelegate [main] Finished Spring Data repository scanning in 533 ms. Found 4 JPA repository interfaces.
2023-03-02 10:42:10,541 INFO org.springframework.boot.web.embedded.tomcat.TomcatWebServer [main] Tomcat initialized with port(s): 8080 (http)
2023-03-02 10:42:10,590 INFO org.apache.juli.logging.DirectJDKLog [main] Initializing ProtocolHandler ["http-nio-8080"]
2023-03-02 10:42:10,596 INFO org.apache.juli.logging.DirectJDKLog [main] Starting service [Tomcat]
2023-03-02 10:42:10,598 INFO org.apache.juli.logging.DirectJDKLog [main] Starting Servlet engine: [Apache Tomcat/9.0.65]
2023-03-02 10:42:12,685 INFO org.apache.juli.logging.DirectJDKLog [main] Initializing Spring embedded WebApplicationContext
2023-03-02 10:42:12,688 INFO org.springframework.boot.web.servlet.context.ServletWebServerApplicationContext [main] Root WebApplicationContext: initialization completed in 15414 ms
2023-03-02 10:42:19,597 INFO org.hibernate.jpa.internal.util.LogHelper [main] HHH000204: Processing PersistenceUnitInfo [name: default]
2023-03-02 10:42:19,826 INFO org.hibernate.Version [main] HHH000412: Hibernate ORM core version 5.6.11.Final
2023-03-02 10:42:20,800 INFO org.hibernate.annotations.common.reflection.java.JavaReflectionManager [main] HCANN000001: Hibernate Commons Annotations {5.1.2.Final}
2023-03-02 10:42:21,622 INFO com.zaxxer.hikari.HikariDataSource [main] HikariPool-1 - Starting...
2023-03-02 10:42:22,352 INFO com.zaxxer.hikari.HikariDataSource [main] HikariPool-1 - Start completed.
2023-03-02 10:42:22,533 INFO org.hibernate.dialect.Dialect [main] HHH000400: Using dialect: org.hibernate.dialect.MySQL8Dialect
2023-03-02 10:42:28,645 INFO org.hibernate.engine.transaction.jta.platform.internal.JtaPlatformInitiator [main] HHH000490: Using JtaPlatform implementation: [org.hibernate.engine.transaction.jta.platform.internal.NoJtaPlatform]
2023-03-02 10:42:28,702 INFO org.springframework.orm.jpa.AbstractEntityManagerFactoryBean [main] Initialized JPA EntityManagerFactory for persistence unit 'default'
2023-03-02 10:42:35,085 INFO org.springframework.security.web.DefaultSecurityFilterChain [main] Will secure any request with [org.springframework.security.web.session.DisableEncodeUrlFilter@26c2f767, org.springframework.security.web.context.request.async.WebAsyncManagerIntegrationFilter@6a7ab205, org.springframework.security.web.context.SecurityContextPersistenceFilter@48f2d51d, org.springframework.security.web.header.HeaderWriterFilter@1a73f3d1, org.springframework.security.web.authentication.logout.LogoutFilter@396c1228, org.springframework.security.web.authentication.UsernamePasswordAuthenticationFilter@558ed473, org.springframework.security.web.authentication.ui.DefaultLoginPageGeneratingFilter@5c0d3715, org.springframework.security.web.authentication.ui.DefaultLogoutPageGeneratingFilter@10cb5047, org.springframework.security.web.savedrequest.RequestCacheAwareFilter@1018f702, org.springframework.security.web.servletapi.SecurityContextHolderAwareRequestFilter@5400db7e, org.springframework.security.web.authentication.AnonymousAuthenticationFilter@3a00237d, org.springframework.security.web.session.SessionManagementFilter@23cfdfa2, org.springframework.security.web.access.ExceptionTranslationFilter@c414eb3, org.springframework.security.web.access.intercept.FilterSecurityInterceptor@7fdf7359]
2023-03-02 10:42:37,450 INFO org.springframework.boot.autoconfigure.web.servlet.WelcomePageHandlerMapping [main] Adding welcome page template: index
2023-03-02 10:42:53,381 INFO org.apache.juli.logging.DirectJDKLog [main] Starting ProtocolHandler ["http-nio-8080"]
2023-03-02 10:42:53,483 WARN org.springframework.context.support.AbstractApplicationContext [main] Exception encountered during context initialization - cancelling refresh attempt: org.springframework.context.ApplicationContextException: Failed to start bean 'webServerStartStop'; nested exception is org.springframework.boot.web.server.PortInUseException: Port 8080 is already in use
2023-03-02 10:42:53,492 INFO org.springframework.orm.jpa.AbstractEntityManagerFactoryBean [main] Closing JPA EntityManagerFactory for persistence unit 'default'
2023-03-02 10:42:53,505 INFO com.zaxxer.hikari.HikariDataSource [main] HikariPool-1 - Shutdown initiated...
2023-03-02 10:42:54,071 INFO com.zaxxer.hikari.HikariDataSource [main] HikariPool-1 - Shutdown completed.
2023-03-02 10:42:54,082 INFO org.apache.juli.logging.DirectJDKLog [main] Pausing ProtocolHandler ["http-nio-8080"]
2023-03-02 10:42:54,083 INFO org.apache.juli.logging.DirectJDKLog [main] Stopping service [Tomcat]
2023-03-02 10:42:54,108 INFO org.apache.juli.logging.DirectJDKLog [main] Stopping ProtocolHandler ["http-nio-8080"]
2023-03-02 10:42:54,118 INFO org.apache.juli.logging.DirectJDKLog [main] Destroying ProtocolHandler ["http-nio-8080"]
2023-03-02 10:42:54,382 INFO org.springframework.boot.autoconfigure.logging.ConditionEvaluationReportLoggingListener [main] 

Error starting ApplicationContext. To display the conditions report re-run your application with 'debug' enabled.
2023-03-02 10:42:55,001 ERROR org.springframework.boot.diagnostics.LoggingFailureAnalysisReporter [main] 

***************************
APPLICATION FAILED TO START
***************************

Description:

Web server failed to start. Port 8080 was already in use.

Action:

Identify and stop the process that's listening on port 8080 or configure this application to listen on another port.

2023-03-02 10:43:52,412 INFO org.springframework.orm.jpa.AbstractEntityManagerFactoryBean [SpringApplicationShutdownHook] Closing JPA EntityManagerFactory for persistence unit 'default'
2023-03-02 10:43:52,418 INFO com.zaxxer.hikari.HikariDataSource [SpringApplicationShutdownHook] HikariPool-1 - Shutdown initiated...
2023-03-02 10:43:52,552 INFO com.zaxxer.hikari.HikariDataSource [SpringApplicationShutdownHook] HikariPool-1 - Shutdown completed.
2023-03-02 10:44:14,971 INFO org.springframework.boot.StartupInfoLogger [main] Starting Application using Java 19.0.1 on DESKTOP-NGJ1FEF with PID 6604 (C:\IdeaProjects\SearchEngine_8\target\classes started by Vladimir in C:\IdeaProjects\SearchEngine_8)
2023-03-02 10:44:15,005 INFO org.springframework.boot.SpringApplication [main] No active profile set, falling back to 1 default profile: "default"
2023-03-02 10:44:20,247 INFO org.springframework.data.repository.config.RepositoryConfigurationDelegate [main] Bootstrapping Spring Data JPA repositories in DEFAULT mode.
2023-03-02 10:44:20,725 INFO org.springframework.data.repository.config.RepositoryConfigurationDelegate [main] Finished Spring Data repository scanning in 337 ms. Found 4 JPA repository interfaces.
2023-03-02 10:44:24,797 INFO org.springframework.boot.web.embedded.tomcat.TomcatWebServer [main] Tomcat initialized with port(s): 8080 (http)
2023-03-02 10:44:24,895 INFO org.apache.juli.logging.DirectJDKLog [main] Initializing ProtocolHandler ["http-nio-8080"]
2023-03-02 10:44:24,905 INFO org.apache.juli.logging.DirectJDKLog [main] Starting service [Tomcat]
2023-03-02 10:44:24,906 INFO org.apache.juli.logging.DirectJDKLog [main] Starting Servlet engine: [Apache Tomcat/9.0.65]
2023-03-02 10:44:25,692 INFO org.apache.juli.logging.DirectJDKLog [main] Initializing Spring embedded WebApplicationContext
2023-03-02 10:44:25,696 INFO org.springframework.boot.web.servlet.context.ServletWebServerApplicationContext [main] Root WebApplicationContext: initialization completed in 10317 ms
2023-03-02 10:44:28,597 INFO org.hibernate.jpa.internal.util.LogHelper [main] HHH000204: Processing PersistenceUnitInfo [name: default]
2023-03-02 10:44:28,848 INFO org.hibernate.Version [main] HHH000412: Hibernate ORM core version 5.6.11.Final
2023-03-02 10:44:29,798 INFO org.hibernate.annotations.common.reflection.java.JavaReflectionManager [main] HCANN000001: Hibernate Commons Annotations {5.1.2.Final}
2023-03-02 10:44:30,370 INFO com.zaxxer.hikari.HikariDataSource [main] HikariPool-1 - Starting...
2023-03-02 10:44:31,093 INFO com.zaxxer.hikari.HikariDataSource [main] HikariPool-1 - Start completed.
2023-03-02 10:44:31,155 INFO org.hibernate.dialect.Dialect [main] HHH000400: Using dialect: org.hibernate.dialect.MySQL8Dialect
2023-03-02 10:44:35,070 INFO org.hibernate.engine.transaction.jta.platform.internal.JtaPlatformInitiator [main] HHH000490: Using JtaPlatform implementation: [org.hibernate.engine.transaction.jta.platform.internal.NoJtaPlatform]
2023-03-02 10:44:35,101 INFO org.springframework.orm.jpa.AbstractEntityManagerFactoryBean [main] Initialized JPA EntityManagerFactory for persistence unit 'default'
2023-03-02 10:44:40,028 INFO org.springframework.security.web.DefaultSecurityFilterChain [main] Will secure any request with [org.springframework.security.web.session.DisableEncodeUrlFilter@78a34c47, org.springframework.security.web.context.request.async.WebAsyncManagerIntegrationFilter@77648321, org.springframework.security.web.context.SecurityContextPersistenceFilter@22ed2886, org.springframework.security.web.header.HeaderWriterFilter@37ab1b10, org.springframework.security.web.authentication.logout.LogoutFilter@4542af89, org.springframework.security.web.authentication.UsernamePasswordAuthenticationFilter@48da5106, org.springframework.security.web.authentication.ui.DefaultLoginPageGeneratingFilter@792b9dd3, org.springframework.security.web.authentication.ui.DefaultLogoutPageGeneratingFilter@43201f84, org.springframework.security.web.savedrequest.RequestCacheAwareFilter@4abfa2ff, org.springframework.security.web.servletapi.SecurityContextHolderAwareRequestFilter@38c1b1a7, org.springframework.security.web.authentication.AnonymousAuthenticationFilter@2c51c756, org.springframework.security.web.session.SessionManagementFilter@618e7761, org.springframework.security.web.access.ExceptionTranslationFilter@34001c5d, org.springframework.security.web.access.intercept.FilterSecurityInterceptor@72c175f1]
2023-03-02 10:44:41,966 INFO org.springframework.boot.autoconfigure.web.servlet.WelcomePageHandlerMapping [main] Adding welcome page template: index
2023-03-02 10:44:49,960 INFO org.apache.juli.logging.DirectJDKLog [main] Starting ProtocolHandler ["http-nio-8080"]
2023-03-02 10:44:50,393 INFO org.springframework.boot.web.embedded.tomcat.TomcatWebServer [main] Tomcat started on port(s): 8080 (http) with context path ''
2023-03-02 10:44:50,431 INFO org.springframework.boot.StartupInfoLogger [main] Started Application in 38.08 seconds (JVM running for 40.649)
2023-03-02 10:45:04,602 INFO org.apache.juli.logging.DirectJDKLog [http-nio-8080-exec-1] Initializing Spring DispatcherServlet 'dispatcherServlet'
2023-03-02 10:45:04,604 INFO org.springframework.web.servlet.FrameworkServlet [http-nio-8080-exec-1] Initializing Servlet 'dispatcherServlet'
2023-03-02 10:45:04,715 INFO org.springframework.web.servlet.FrameworkServlet [http-nio-8080-exec-1] Completed initialization in 111 ms
2023-03-02 10:45:05,368 WARN org.apache.juli.logging.DirectJDKLog [http-nio-8080-exec-1] Creation of SecureRandom instance for session ID generation using [SHA1PRNG] took [395] milliseconds.
2023-03-02 10:45:36,708 INFO org.springframework.orm.jpa.AbstractEntityManagerFactoryBean [SpringApplicationShutdownHook] Closing JPA EntityManagerFactory for persistence unit 'default'
2023-03-02 10:45:36,717 INFO com.zaxxer.hikari.HikariDataSource [SpringApplicationShutdownHook] HikariPool-1 - Shutdown initiated...
2023-03-02 10:45:36,993 INFO com.zaxxer.hikari.HikariDataSource [SpringApplicationShutdownHook] HikariPool-1 - Shutdown completed.
2023-03-02 10:46:18,983 INFO org.springframework.boot.StartupInfoLogger [main] Starting Application using Java 19.0.1 on DESKTOP-NGJ1FEF with PID 2676 (C:\IdeaProjects\SearchEngine_8\target\classes started by Vladimir in C:\IdeaProjects\SearchEngine_8)
2023-03-02 10:46:19,001 INFO org.springframework.boot.SpringApplication [main] No active profile set, falling back to 1 default profile: "default"
2023-03-02 10:46:24,696 INFO org.springframework.data.repository.config.RepositoryConfigurationDelegate [main] Bootstrapping Spring Data JPA repositories in DEFAULT mode.
2023-03-02 10:46:25,284 INFO org.springframework.data.repository.config.RepositoryConfigurationDelegate [main] Finished Spring Data repository scanning in 539 ms. Found 4 JPA repository interfaces.
2023-03-02 10:46:29,073 INFO org.springframework.boot.web.embedded.tomcat.TomcatWebServer [main] Tomcat initialized with port(s): 8080 (http)
2023-03-02 10:46:29,114 INFO org.apache.juli.logging.DirectJDKLog [main] Initializing ProtocolHandler ["http-nio-8080"]
2023-03-02 10:46:29,119 INFO org.apache.juli.logging.DirectJDKLog [main] Starting service [Tomcat]
2023-03-02 10:46:29,121 INFO org.apache.juli.logging.DirectJDKLog [main] Starting Servlet engine: [Apache Tomcat/9.0.65]
2023-03-02 10:46:30,028 INFO org.apache.juli.logging.DirectJDKLog [main] Initializing Spring embedded WebApplicationContext
2023-03-02 10:46:30,032 INFO org.springframework.boot.web.servlet.context.ServletWebServerApplicationContext [main] Root WebApplicationContext: initialization completed in 10650 ms
2023-03-02 10:46:31,156 INFO org.hibernate.jpa.internal.util.LogHelper [main] HHH000204: Processing PersistenceUnitInfo [name: default]
2023-03-02 10:46:31,399 INFO org.hibernate.Version [main] HHH000412: Hibernate ORM core version 5.6.11.Final
2023-03-02 10:46:32,356 INFO org.hibernate.annotations.common.reflection.java.JavaReflectionManager [main] HCANN000001: Hibernate Commons Annotations {5.1.2.Final}
2023-03-02 10:46:32,933 INFO com.zaxxer.hikari.HikariDataSource [main] HikariPool-1 - Starting...
2023-03-02 10:46:33,552 INFO com.zaxxer.hikari.HikariDataSource [main] HikariPool-1 - Start completed.
2023-03-02 10:46:33,649 INFO org.hibernate.dialect.Dialect [main] HHH000400: Using dialect: org.hibernate.dialect.MySQL8Dialect
2023-03-02 10:46:38,184 INFO org.hibernate.engine.transaction.jta.platform.internal.JtaPlatformInitiator [main] HHH000490: Using JtaPlatform implementation: [org.hibernate.engine.transaction.jta.platform.internal.NoJtaPlatform]
2023-03-02 10:46:38,216 INFO org.springframework.orm.jpa.AbstractEntityManagerFactoryBean [main] Initialized JPA EntityManagerFactory for persistence unit 'default'
2023-03-02 10:46:44,206 INFO org.springframework.security.web.DefaultSecurityFilterChain [main] Will secure any request with [org.springframework.security.web.session.DisableEncodeUrlFilter@29ae2517, org.springframework.security.web.context.request.async.WebAsyncManagerIntegrationFilter@7a78d2aa, org.springframework.security.web.context.SecurityContextPersistenceFilter@31f5ffb9, org.springframework.security.web.header.HeaderWriterFilter@7fe0ca60, org.springframework.security.web.authentication.logout.LogoutFilter@4a10c019, org.springframework.security.web.authentication.UsernamePasswordAuthenticationFilter@180fb796, org.springframework.security.web.authentication.ui.DefaultLoginPageGeneratingFilter@3dc7c5fd, org.springframework.security.web.authentication.ui.DefaultLogoutPageGeneratingFilter@254d8ef6, org.springframework.security.web.savedrequest.RequestCacheAwareFilter@3a9040f0, org.springframework.security.web.servletapi.SecurityContextHolderAwareRequestFilter@33214124, org.springframework.security.web.authentication.AnonymousAuthenticationFilter@2a9e7b4d, org.springframework.security.web.session.SessionManagementFilter@63896cf7, org.springframework.security.web.access.ExceptionTranslationFilter@6ad0cd43, org.springframework.security.web.access.intercept.FilterSecurityInterceptor@3c5bb37d]
2023-03-02 10:46:45,704 INFO org.springframework.boot.autoconfigure.web.servlet.WelcomePageHandlerMapping [main] Adding welcome page template: index
2023-03-02 10:46:52,927 INFO org.apache.juli.logging.DirectJDKLog [main] Starting ProtocolHandler ["http-nio-8080"]
2023-03-02 10:46:53,042 INFO org.springframework.boot.web.embedded.tomcat.TomcatWebServer [main] Tomcat started on port(s): 8080 (http) with context path ''
2023-03-02 10:46:53,087 INFO org.springframework.boot.StartupInfoLogger [main] Started Application in 36.779 seconds (JVM running for 39.16)
2023-03-02 10:47:02,143 INFO org.apache.juli.logging.DirectJDKLog [http-nio-8080-exec-1] Initializing Spring DispatcherServlet 'dispatcherServlet'
2023-03-02 10:47:02,216 INFO org.springframework.web.servlet.FrameworkServlet [http-nio-8080-exec-1] Initializing Servlet 'dispatcherServlet'
2023-03-02 10:47:02,220 INFO org.springframework.web.servlet.FrameworkServlet [http-nio-8080-exec-1] Completed initialization in 3 ms
2023-03-02 10:47:02,741 WARN org.apache.juli.logging.DirectJDKLog [http-nio-8080-exec-1] Creation of SecureRandom instance for session ID generation using [SHA1PRNG] took [168] milliseconds.
2023-03-02 10:47:22,776 INFO searchengine.services.impl.IndexingServiceImpl [http-nio-8080-exec-2] Parsing site: radiomv
2023-03-02 10:47:22,929 INFO searchengine.parsers.SiteIndexed [pool-1-thread-1] Indexing - http://radiomv.ru radiomv
2023-03-02 11:09:25,821 INFO searchengine.parsers.SiteIndexed [pool-1-thread-1] Done indexing - http://radiomv.ru
2023-03-02 11:10:29,453 INFO searchengine.services.impl.SearchServiceImpl [http-nio-8080-exec-5] Searching for "Программы" in - http://radiomv.ru
2023-03-02 11:10:29,616 INFO searchengine.services.impl.SearchServiceImpl [http-nio-8080-exec-5] Search done. Got results.
2023-03-02 11:29:27,211 INFO org.springframework.boot.StartupInfoLogger [main] Starting Application using Java 19.0.1 on DESKTOP-NGJ1FEF with PID 4428 (C:\IdeaProjects\SearchEngine_9\target\classes started by Vladimir in C:\IdeaProjects\SearchEngine_9)
2023-03-02 11:29:27,226 INFO org.springframework.boot.SpringApplication [main] No active profile set, falling back to 1 default profile: "default"
2023-03-02 11:29:32,585 INFO org.springframework.data.repository.config.RepositoryConfigurationDelegate [main] Bootstrapping Spring Data JPA repositories in DEFAULT mode.
2023-03-02 11:29:33,052 INFO org.springframework.data.repository.config.RepositoryConfigurationDelegate [main] Finished Spring Data repository scanning in 416 ms. Found 4 JPA repository interfaces.
2023-03-02 11:29:36,964 INFO org.springframework.boot.web.embedded.tomcat.TomcatWebServer [main] Tomcat initialized with port(s): 8080 (http)
2023-03-02 11:29:37,007 INFO org.apache.juli.logging.DirectJDKLog [main] Initializing ProtocolHandler ["http-nio-8080"]
2023-03-02 11:29:37,017 INFO org.apache.juli.logging.DirectJDKLog [main] Starting service [Tomcat]
2023-03-02 11:29:37,019 INFO org.apache.juli.logging.DirectJDKLog [main] Starting Servlet engine: [Apache Tomcat/9.0.65]
2023-03-02 11:29:37,757 INFO org.apache.juli.logging.DirectJDKLog [main] Initializing Spring embedded WebApplicationContext
2023-03-02 11:29:37,759 INFO org.springframework.boot.web.servlet.context.ServletWebServerApplicationContext [main] Root WebApplicationContext: initialization completed in 9845 ms
2023-03-02 11:29:41,013 INFO org.hibernate.jpa.internal.util.LogHelper [main] HHH000204: Processing PersistenceUnitInfo [name: default]
2023-03-02 11:29:41,288 INFO org.hibernate.Version [main] HHH000412: Hibernate ORM core version 5.6.11.Final
2023-03-02 11:29:42,247 INFO org.hibernate.annotations.common.reflection.java.JavaReflectionManager [main] HCANN000001: Hibernate Commons Annotations {5.1.2.Final}
2023-03-02 11:29:42,854 INFO com.zaxxer.hikari.HikariDataSource [main] HikariPool-1 - Starting...
2023-03-02 11:29:43,535 INFO com.zaxxer.hikari.HikariDataSource [main] HikariPool-1 - Start completed.
2023-03-02 11:29:43,612 INFO org.hibernate.dialect.Dialect [main] HHH000400: Using dialect: org.hibernate.dialect.MySQL8Dialect
2023-03-02 11:29:48,218 INFO org.hibernate.engine.transaction.jta.platform.internal.JtaPlatformInitiator [main] HHH000490: Using JtaPlatform implementation: [org.hibernate.engine.transaction.jta.platform.internal.NoJtaPlatform]
2023-03-02 11:29:48,257 INFO org.springframework.orm.jpa.AbstractEntityManagerFactoryBean [main] Initialized JPA EntityManagerFactory for persistence unit 'default'
2023-03-02 11:29:53,451 INFO org.springframework.security.web.DefaultSecurityFilterChain [main] Will secure any request with [org.springframework.security.web.session.DisableEncodeUrlFilter@27b7e663, org.springframework.security.web.context.request.async.WebAsyncManagerIntegrationFilter@5f2ad3d5, org.springframework.security.web.context.SecurityContextPersistenceFilter@7be6dabb, org.springframework.security.web.header.HeaderWriterFilter@2202c92f, org.springframework.security.web.authentication.logout.LogoutFilter@61f08aa9, org.springframework.security.web.authentication.UsernamePasswordAuthenticationFilter@14ee143a, org.springframework.security.web.authentication.ui.DefaultLoginPageGeneratingFilter@4113d9ab, org.springframework.security.web.authentication.ui.DefaultLogoutPageGeneratingFilter@703eead0, org.springframework.security.web.savedrequest.RequestCacheAwareFilter@18301763, org.springframework.security.web.servletapi.SecurityContextHolderAwareRequestFilter@237ee2e1, org.springframework.security.web.authentication.AnonymousAuthenticationFilter@674fd531, org.springframework.security.web.session.SessionManagementFilter@1a712f12, org.springframework.security.web.access.ExceptionTranslationFilter@5c20505f, org.springframework.security.web.access.intercept.FilterSecurityInterceptor@7df23848]
2023-03-02 11:29:54,894 INFO org.springframework.boot.autoconfigure.web.servlet.WelcomePageHandlerMapping [main] Adding welcome page template: index
2023-03-02 11:30:02,895 INFO org.apache.juli.logging.DirectJDKLog [main] Starting ProtocolHandler ["http-nio-8080"]
2023-03-02 11:30:03,328 INFO org.springframework.boot.web.embedded.tomcat.TomcatWebServer [main] Tomcat started on port(s): 8080 (http) with context path ''
2023-03-02 11:30:03,370 INFO org.springframework.boot.StartupInfoLogger [main] Started Application in 38.816 seconds (JVM running for 41.673)
2023-03-02 11:30:24,206 INFO org.apache.juli.logging.DirectJDKLog [http-nio-8080-exec-1] Initializing Spring DispatcherServlet 'dispatcherServlet'
2023-03-02 11:30:24,210 INFO org.springframework.web.servlet.FrameworkServlet [http-nio-8080-exec-1] Initializing Servlet 'dispatcherServlet'
2023-03-02 11:30:24,372 INFO org.springframework.web.servlet.FrameworkServlet [http-nio-8080-exec-1] Completed initialization in 147 ms
2023-03-02 11:30:24,868 WARN org.apache.juli.logging.DirectJDKLog [http-nio-8080-exec-1] Creation of SecureRandom instance for session ID generation using [SHA1PRNG] took [163] milliseconds.
2023-03-02 11:30:44,721 INFO searchengine.services.impl.IndexingServiceImpl [http-nio-8080-exec-6] Parsing site: radiomv
2023-03-02 11:30:44,867 INFO searchengine.parsers.SiteIndexed [pool-1-thread-1] Indexing - http://radiomv.ru radiomv
2023-03-02 11:52:00,858 INFO searchengine.parsers.SiteIndexed [pool-1-thread-1] Done indexing - http://radiomv.ru
2023-03-02 12:22:53,920 INFO searchengine.services.impl.SearchServiceImpl [http-nio-8080-exec-4] Searching for "Программы" in - http://radiomv.ru
2023-03-02 12:22:54,021 INFO searchengine.services.impl.SearchServiceImpl [http-nio-8080-exec-4] Search done. Got results.
2023-03-02 12:23:09,231 INFO org.springframework.orm.jpa.AbstractEntityManagerFactoryBean [SpringApplicationShutdownHook] Closing JPA EntityManagerFactory for persistence unit 'default'
2023-03-02 12:23:09,815 INFO com.zaxxer.hikari.HikariDataSource [SpringApplicationShutdownHook] HikariPool-1 - Shutdown initiated...
2023-03-02 12:23:10,273 INFO com.zaxxer.hikari.HikariDataSource [SpringApplicationShutdownHook] HikariPool-1 - Shutdown completed.
2023-03-02 12:33:32,467 INFO org.springframework.boot.StartupInfoLogger [main] Starting Application using Java 19.0.1 on DESKTOP-NGJ1FEF with PID 9908 (C:\IdeaProjects\SearchEngine_10\target\classes started by Vladimir in C:\IdeaProjects\SearchEngine_10)
2023-03-02 12:33:32,481 INFO org.springframework.boot.SpringApplication [main] No active profile set, falling back to 1 default profile: "default"
2023-03-02 12:33:38,932 INFO org.springframework.data.repository.config.RepositoryConfigurationDelegate [main] Bootstrapping Spring Data JPA repositories in DEFAULT mode.
2023-03-02 12:33:39,374 INFO org.springframework.data.repository.config.RepositoryConfigurationDelegate [main] Finished Spring Data repository scanning in 389 ms. Found 4 JPA repository interfaces.
2023-03-02 12:33:43,106 INFO org.springframework.boot.web.embedded.tomcat.TomcatWebServer [main] Tomcat initialized with port(s): 8080 (http)
2023-03-02 12:33:43,146 INFO org.apache.juli.logging.DirectJDKLog [main] Initializing ProtocolHandler ["http-nio-8080"]
2023-03-02 12:33:43,163 INFO org.apache.juli.logging.DirectJDKLog [main] Starting service [Tomcat]
2023-03-02 12:33:43,181 INFO org.apache.juli.logging.DirectJDKLog [main] Starting Servlet engine: [Apache Tomcat/9.0.65]
2023-03-02 12:33:43,888 INFO org.apache.juli.logging.DirectJDKLog [main] Initializing Spring embedded WebApplicationContext
2023-03-02 12:33:43,891 INFO org.springframework.boot.web.servlet.context.ServletWebServerApplicationContext [main] Root WebApplicationContext: initialization completed in 10951 ms
2023-03-02 12:33:44,972 INFO org.hibernate.jpa.internal.util.LogHelper [main] HHH000204: Processing PersistenceUnitInfo [name: default]
2023-03-02 12:33:45,372 INFO org.hibernate.Version [main] HHH000412: Hibernate ORM core version 5.6.11.Final
2023-03-02 12:33:46,404 INFO org.hibernate.annotations.common.reflection.java.JavaReflectionManager [main] HCANN000001: Hibernate Commons Annotations {5.1.2.Final}
2023-03-02 12:33:47,008 INFO com.zaxxer.hikari.HikariDataSource [main] HikariPool-1 - Starting...
2023-03-02 12:33:47,712 INFO com.zaxxer.hikari.HikariDataSource [main] HikariPool-1 - Start completed.
2023-03-02 12:33:47,784 INFO org.hibernate.dialect.Dialect [main] HHH000400: Using dialect: org.hibernate.dialect.MySQL8Dialect
2023-03-02 12:33:52,373 INFO org.hibernate.engine.transaction.jta.platform.internal.JtaPlatformInitiator [main] HHH000490: Using JtaPlatform implementation: [org.hibernate.engine.transaction.jta.platform.internal.NoJtaPlatform]
2023-03-02 12:33:52,406 INFO org.springframework.orm.jpa.AbstractEntityManagerFactoryBean [main] Initialized JPA EntityManagerFactory for persistence unit 'default'
2023-03-02 12:33:57,449 INFO org.springframework.security.web.DefaultSecurityFilterChain [main] Will secure any request with [org.springframework.security.web.session.DisableEncodeUrlFilter@b791e6e, org.springframework.security.web.context.request.async.WebAsyncManagerIntegrationFilter@583b4af4, org.springframework.security.web.context.SecurityContextPersistenceFilter@7d60bd5a, org.springframework.security.web.header.HeaderWriterFilter@1c25deb0, org.springframework.security.web.authentication.logout.LogoutFilter@7730da00, org.springframework.security.web.authentication.UsernamePasswordAuthenticationFilter@b75f3f4, org.springframework.security.web.authentication.ui.DefaultLoginPageGeneratingFilter@156eeff1, org.springframework.security.web.authentication.ui.DefaultLogoutPageGeneratingFilter@72c175f1, org.springframework.security.web.savedrequest.RequestCacheAwareFilter@13f7c165, org.springframework.security.web.servletapi.SecurityContextHolderAwareRequestFilter@655f92a1, org.springframework.security.web.authentication.AnonymousAuthenticationFilter@9fd3b61, org.springframework.security.web.session.SessionManagementFilter@66ab088c, org.springframework.security.web.access.ExceptionTranslationFilter@58e4aa67, org.springframework.security.web.access.intercept.FilterSecurityInterceptor@4b552b13]
2023-03-02 12:33:58,912 INFO org.springframework.boot.autoconfigure.web.servlet.WelcomePageHandlerMapping [main] Adding welcome page template: index
2023-03-02 12:34:05,945 INFO org.apache.juli.logging.DirectJDKLog [main] Starting ProtocolHandler ["http-nio-8080"]
2023-03-02 12:34:06,069 INFO org.springframework.boot.web.embedded.tomcat.TomcatWebServer [main] Tomcat started on port(s): 8080 (http) with context path ''
2023-03-02 12:34:06,136 INFO org.springframework.boot.StartupInfoLogger [main] Started Application in 36.6 seconds (JVM running for 38.835)
2023-03-02 12:34:13,334 INFO org.apache.juli.logging.DirectJDKLog [http-nio-8080-exec-1] Initializing Spring DispatcherServlet 'dispatcherServlet'
2023-03-02 12:34:13,381 INFO org.springframework.web.servlet.FrameworkServlet [http-nio-8080-exec-1] Initializing Servlet 'dispatcherServlet'
2023-03-02 12:34:13,391 INFO org.springframework.web.servlet.FrameworkServlet [http-nio-8080-exec-1] Completed initialization in 8 ms
2023-03-02 12:34:13,779 WARN org.apache.juli.logging.DirectJDKLog [http-nio-8080-exec-1] Creation of SecureRandom instance for session ID generation using [SHA1PRNG] took [195] milliseconds.
2023-03-02 12:34:31,641 INFO searchengine.services.impl.IndexingServiceImpl [http-nio-8080-exec-10] Parsing site: radiomv
2023-03-02 12:34:31,841 INFO searchengine.parsers.SiteIndexed [pool-1-thread-1] Indexing - http://radiomv.ru radiomv
2023-03-02 12:56:33,551 INFO searchengine.parsers.SiteIndexed [pool-1-thread-1] Done indexing - http://radiomv.ru
2023-03-02 13:02:13,188 INFO searchengine.services.impl.SearchServiceImpl [http-nio-8080-exec-1] Searching for "Программы" in - http://radiomv.ru
2023-03-02 13:02:13,320 INFO searchengine.services.impl.SearchServiceImpl [http-nio-8080-exec-1] Search done. Got results.
2023-03-02 13:06:19,997 INFO org.springframework.orm.jpa.AbstractEntityManagerFactoryBean [SpringApplicationShutdownHook] Closing JPA EntityManagerFactory for persistence unit 'default'
2023-03-02 13:06:20,022 INFO com.zaxxer.hikari.HikariDataSource [SpringApplicationShutdownHook] HikariPool-1 - Shutdown initiated...
2023-03-02 13:06:21,413 INFO com.zaxxer.hikari.HikariDataSource [SpringApplicationShutdownHook] HikariPool-1 - Shutdown completed.
