2023-03-03 12:55:14,494 INFO org.springframework.boot.StartupInfoLogger [main] Starting Application using Java 19.0.1 on DESKTOP-NGJ1FEF with PID 12100 (C:\IdeaProjects\SearchEngine_11\target\classes started by Vladimir in C:\IdeaProjects\SearchEngine_11)
2023-03-03 12:55:14,732 INFO org.springframework.boot.SpringApplication [main] No active profile set, falling back to 1 default profile: "default"
2023-03-03 12:55:19,790 INFO org.springframework.data.repository.config.RepositoryConfigurationDelegate [main] Bootstrapping Spring Data JPA repositories in DEFAULT mode.
2023-03-03 12:55:20,368 INFO org.springframework.data.repository.config.RepositoryConfigurationDelegate [main] Finished Spring Data repository scanning in 400 ms. Found 4 JPA repository interfaces.
2023-03-03 12:55:23,915 INFO org.springframework.boot.web.embedded.tomcat.TomcatWebServer [main] Tomcat initialized with port(s): 8080 (http)
2023-03-03 12:55:23,972 INFO org.apache.juli.logging.DirectJDKLog [main] Initializing ProtocolHandler ["http-nio-8080"]
2023-03-03 12:55:23,981 INFO org.apache.juli.logging.DirectJDKLog [main] Starting service [Tomcat]
2023-03-03 12:55:23,984 INFO org.apache.juli.logging.DirectJDKLog [main] Starting Servlet engine: [Apache Tomcat/9.0.65]
2023-03-03 12:55:24,652 INFO org.apache.juli.logging.DirectJDKLog [main] Initializing Spring embedded WebApplicationContext
2023-03-03 12:55:24,656 INFO org.springframework.boot.web.servlet.context.ServletWebServerApplicationContext [main] Root WebApplicationContext: initialization completed in 9507 ms
2023-03-03 12:55:26,339 INFO org.hibernate.jpa.internal.util.LogHelper [main] HHH000204: Processing PersistenceUnitInfo [name: default]
2023-03-03 12:55:26,654 INFO org.hibernate.Version [main] HHH000412: Hibernate ORM core version 5.6.11.Final
2023-03-03 12:55:27,596 INFO org.hibernate.annotations.common.reflection.java.JavaReflectionManager [main] HCANN000001: Hibernate Commons Annotations {5.1.2.Final}
2023-03-03 12:55:28,135 INFO com.zaxxer.hikari.HikariDataSource [main] HikariPool-1 - Starting...
2023-03-03 12:55:28,702 INFO com.zaxxer.hikari.HikariDataSource [main] HikariPool-1 - Start completed.
2023-03-03 12:55:28,783 INFO org.hibernate.dialect.Dialect [main] HHH000400: Using dialect: org.hibernate.dialect.MySQL8Dialect
2023-03-03 12:55:44,249 INFO org.hibernate.engine.transaction.jta.platform.internal.JtaPlatformInitiator [main] HHH000490: Using JtaPlatform implementation: [org.hibernate.engine.transaction.jta.platform.internal.NoJtaPlatform]
2023-03-03 12:55:44,283 INFO org.springframework.orm.jpa.AbstractEntityManagerFactoryBean [main] Initialized JPA EntityManagerFactory for persistence unit 'default'
2023-03-03 12:55:49,963 INFO org.springframework.security.web.DefaultSecurityFilterChain [main] Will secure any request with [org.springframework.security.web.session.DisableEncodeUrlFilter@7772ec28, org.springframework.security.web.context.request.async.WebAsyncManagerIntegrationFilter@14d513ca, org.springframework.security.web.context.SecurityContextPersistenceFilter@63af52a6, org.springframework.security.web.header.HeaderWriterFilter@2bb84aa5, org.springframework.security.web.authentication.logout.LogoutFilter@5eff5e4c, org.springframework.security.web.authentication.UsernamePasswordAuthenticationFilter@6130a6f5, org.springframework.security.web.authentication.ui.DefaultLoginPageGeneratingFilter@9715d26, org.springframework.security.web.authentication.ui.DefaultLogoutPageGeneratingFilter@be9cc86, org.springframework.security.web.savedrequest.RequestCacheAwareFilter@573f2e67, org.springframework.security.web.servletapi.SecurityContextHolderAwareRequestFilter@5d449307, org.springframework.security.web.authentication.AnonymousAuthenticationFilter@68af8288, org.springframework.security.web.session.SessionManagementFilter@52d434c1, org.springframework.security.web.access.ExceptionTranslationFilter@37b5a51c, org.springframework.security.web.access.intercept.FilterSecurityInterceptor@67372d20]
2023-03-03 12:55:51,798 INFO org.springframework.boot.autoconfigure.web.servlet.WelcomePageHandlerMapping [main] Adding welcome page template: index
2023-03-03 12:56:01,486 INFO org.apache.juli.logging.DirectJDKLog [main] Starting ProtocolHandler ["http-nio-8080"]
2023-03-03 12:56:01,642 INFO org.springframework.boot.web.embedded.tomcat.TomcatWebServer [main] Tomcat started on port(s): 8080 (http) with context path ''
2023-03-03 12:56:01,689 INFO org.springframework.boot.StartupInfoLogger [main] Started Application in 49.934 seconds (JVM running for 52.753)
2023-03-03 12:56:10,603 INFO org.apache.juli.logging.DirectJDKLog [http-nio-8080-exec-1] Initializing Spring DispatcherServlet 'dispatcherServlet'
2023-03-03 12:56:10,606 INFO org.springframework.web.servlet.FrameworkServlet [http-nio-8080-exec-1] Initializing Servlet 'dispatcherServlet'
2023-03-03 12:56:10,614 INFO org.springframework.web.servlet.FrameworkServlet [http-nio-8080-exec-1] Completed initialization in 4 ms
2023-03-03 12:56:11,259 WARN org.apache.juli.logging.DirectJDKLog [http-nio-8080-exec-1] Creation of SecureRandom instance for session ID generation using [SHA1PRNG] took [208] milliseconds.
2023-03-03 12:56:36,362 INFO searchengine.services.impl.IndexingServiceImpl [http-nio-8080-exec-9] Parsing site: radiomv
2023-03-03 12:56:36,510 INFO searchengine.parsers.SiteIndexed [pool-1-thread-1] Indexing - http://radiomv.ru radiomv
2023-03-03 13:18:59,596 INFO searchengine.parsers.SiteIndexed [pool-1-thread-1] Done indexing - http://radiomv.ru
2023-03-03 13:22:15,632 INFO searchengine.services.impl.SearchServiceImpl [http-nio-8080-exec-2] Searching for "Программы" in - http://radiomv.ru
2023-03-03 13:22:15,725 INFO searchengine.services.impl.SearchServiceImpl [http-nio-8080-exec-2] Search done. Got results.
2023-03-03 13:22:31,925 INFO org.springframework.orm.jpa.AbstractEntityManagerFactoryBean [SpringApplicationShutdownHook] Closing JPA EntityManagerFactory for persistence unit 'default'
2023-03-03 13:22:31,941 INFO com.zaxxer.hikari.HikariDataSource [SpringApplicationShutdownHook] HikariPool-1 - Shutdown initiated...
2023-03-03 13:22:32,004 INFO com.zaxxer.hikari.HikariDataSource [SpringApplicationShutdownHook] HikariPool-1 - Shutdown completed.
2023-03-03 18:41:31,507 INFO org.springframework.boot.StartupInfoLogger [main] Starting Application using Java 19.0.1 on DESKTOP-NGJ1FEF with PID 3404 (C:\IdeaProjects\SearchEngine_11\target\classes started by Vladimir in C:\IdeaProjects\SearchEngine_11)
2023-03-03 18:41:31,528 INFO org.springframework.boot.SpringApplication [main] No active profile set, falling back to 1 default profile: "default"
2023-03-03 18:41:37,915 INFO org.springframework.data.repository.config.RepositoryConfigurationDelegate [main] Bootstrapping Spring Data JPA repositories in DEFAULT mode.
2023-03-03 18:41:38,349 INFO org.springframework.data.repository.config.RepositoryConfigurationDelegate [main] Finished Spring Data repository scanning in 349 ms. Found 4 JPA repository interfaces.
2023-03-03 18:41:42,503 INFO org.springframework.boot.web.embedded.tomcat.TomcatWebServer [main] Tomcat initialized with port(s): 8080 (http)
2023-03-03 18:41:42,567 INFO org.apache.juli.logging.DirectJDKLog [main] Initializing ProtocolHandler ["http-nio-8080"]
2023-03-03 18:41:42,579 INFO org.apache.juli.logging.DirectJDKLog [main] Starting service [Tomcat]
2023-03-03 18:41:42,581 INFO org.apache.juli.logging.DirectJDKLog [main] Starting Servlet engine: [Apache Tomcat/9.0.65]
2023-03-03 18:41:43,382 INFO org.apache.juli.logging.DirectJDKLog [main] Initializing Spring embedded WebApplicationContext
2023-03-03 18:41:43,388 INFO org.springframework.boot.web.servlet.context.ServletWebServerApplicationContext [main] Root WebApplicationContext: initialization completed in 11260 ms
2023-03-03 18:41:45,516 INFO org.hibernate.jpa.internal.util.LogHelper [main] HHH000204: Processing PersistenceUnitInfo [name: default]
2023-03-03 18:41:45,740 INFO org.hibernate.Version [main] HHH000412: Hibernate ORM core version 5.6.11.Final
2023-03-03 18:41:46,777 INFO org.hibernate.annotations.common.reflection.java.JavaReflectionManager [main] HCANN000001: Hibernate Commons Annotations {5.1.2.Final}
2023-03-03 18:41:47,409 INFO com.zaxxer.hikari.HikariDataSource [main] HikariPool-1 - Starting...
2023-03-03 18:41:47,959 INFO com.zaxxer.hikari.HikariDataSource [main] HikariPool-1 - Start completed.
2023-03-03 18:41:48,030 INFO org.hibernate.dialect.Dialect [main] HHH000400: Using dialect: org.hibernate.dialect.MySQL8Dialect
2023-03-03 18:41:51,848 INFO org.hibernate.engine.transaction.jta.platform.internal.JtaPlatformInitiator [main] HHH000490: Using JtaPlatform implementation: [org.hibernate.engine.transaction.jta.platform.internal.NoJtaPlatform]
2023-03-03 18:41:51,880 INFO org.springframework.orm.jpa.AbstractEntityManagerFactoryBean [main] Initialized JPA EntityManagerFactory for persistence unit 'default'
2023-03-03 18:41:57,340 INFO org.springframework.security.web.DefaultSecurityFilterChain [main] Will secure any request with [org.springframework.security.web.session.DisableEncodeUrlFilter@52ba21e4, org.springframework.security.web.context.request.async.WebAsyncManagerIntegrationFilter@558ed473, org.springframework.security.web.context.SecurityContextPersistenceFilter@630e5010, org.springframework.security.web.header.HeaderWriterFilter@13731ff4, org.springframework.security.web.authentication.logout.LogoutFilter@12478b4e, org.springframework.security.web.authentication.UsernamePasswordAuthenticationFilter@e47637c, org.springframework.security.web.authentication.ui.DefaultLoginPageGeneratingFilter@257d3968, org.springframework.security.web.authentication.ui.DefaultLogoutPageGeneratingFilter@514f2020, org.springframework.security.web.savedrequest.RequestCacheAwareFilter@58835bba, org.springframework.security.web.servletapi.SecurityContextHolderAwareRequestFilter@222eda8a, org.springframework.security.web.authentication.AnonymousAuthenticationFilter@2e1c5d1f, org.springframework.security.web.session.SessionManagementFilter@61d24347, org.springframework.security.web.access.ExceptionTranslationFilter@267b678f, org.springframework.security.web.access.intercept.FilterSecurityInterceptor@2059c3ff]
2023-03-03 18:42:02,407 INFO org.springframework.boot.autoconfigure.web.servlet.WelcomePageHandlerMapping [main] Adding welcome page template: index
2023-03-03 18:42:13,198 INFO org.apache.juli.logging.DirectJDKLog [main] Starting ProtocolHandler ["http-nio-8080"]
2023-03-03 18:42:13,317 INFO org.springframework.boot.web.embedded.tomcat.TomcatWebServer [main] Tomcat started on port(s): 8080 (http) with context path ''
2023-03-03 18:42:13,363 INFO org.springframework.boot.StartupInfoLogger [main] Started Application in 44.988 seconds (JVM running for 47.477)
2023-03-03 18:44:54,185 INFO org.apache.juli.logging.DirectJDKLog [http-nio-8080-exec-1] Initializing Spring DispatcherServlet 'dispatcherServlet'
2023-03-03 18:44:54,186 INFO org.springframework.web.servlet.FrameworkServlet [http-nio-8080-exec-1] Initializing Servlet 'dispatcherServlet'
2023-03-03 18:44:54,274 INFO org.springframework.web.servlet.FrameworkServlet [http-nio-8080-exec-1] Completed initialization in 87 ms
2023-03-03 18:44:54,836 WARN org.apache.juli.logging.DirectJDKLog [http-nio-8080-exec-1] Creation of SecureRandom instance for session ID generation using [SHA1PRNG] took [158] milliseconds.
2023-03-03 18:45:25,883 INFO searchengine.services.impl.SearchServiceImpl [http-nio-8080-exec-1] Searching for "Программы" in - http://radiomv.ru
2023-03-03 18:45:26,007 INFO searchengine.services.impl.SearchServiceImpl [http-nio-8080-exec-1] Search done. Got results.
2023-03-03 18:47:05,471 INFO org.springframework.orm.jpa.AbstractEntityManagerFactoryBean [SpringApplicationShutdownHook] Closing JPA EntityManagerFactory for persistence unit 'default'
2023-03-03 18:47:05,481 INFO com.zaxxer.hikari.HikariDataSource [SpringApplicationShutdownHook] HikariPool-1 - Shutdown initiated...
2023-03-03 18:47:05,548 INFO com.zaxxer.hikari.HikariDataSource [SpringApplicationShutdownHook] HikariPool-1 - Shutdown completed.
